{"D:\\projects\\FB-Ad-Logic-Engine\\server\\app.js": {"path":"D:\\projects\\FB-Ad-Logic-Engine\\server\\app.js","statementMap":{"0":{"start":{"line":15,"column":11},"end":{"line":15,"column":null}},"1":{"start":{"line":18,"column":0},"end":{"line":18,"column":null}},"2":{"start":{"line":19,"column":0},"end":{"line":19,"column":null}},"3":{"start":{"line":20,"column":0},"end":{"line":20,"column":null}},"4":{"start":{"line":23,"column":0},"end":{"line":23,"column":27}},"5":{"start":{"line":24,"column":0},"end":{"line":24,"column":34}},"6":{"start":{"line":25,"column":0},"end":{"line":25,"column":28}},"7":{"start":{"line":28,"column":0},"end":{"line":36,"column":null}},"8":{"start":{"line":29,"column":2},"end":{"line":35,"column":null}}},"fnMap":{"0":{"name":"(anonymous_0)","decl":{"start":{"line":28,"column":23},"end":{"line":28,"column":24}},"loc":{"start":{"line":28,"column":37},"end":{"line":36,"column":1}},"line":28}},"branchMap":{"0":{"loc":{"start":{"line":34,"column":18},"end":{"line":34,"column":null}},"type":"cond-expr","locations":[{"start":{"line":34,"column":54},"end":{"line":34,"column":94}},{"start":{"line":34,"column":97},"end":{"line":34,"column":null}}],"line":34}},"s":{"0":3,"1":3,"2":3,"3":3,"4":3,"5":3,"6":3,"7":3,"8":3},"f":{"0":3},"b":{"0":[3,0]},"meta":{"lastBranch":1,"lastFunction":1,"lastStatement":9,"seen":{"s:15:11:15:Infinity":0,"s:18:0:18:Infinity":1,"s:19:0:19:Infinity":2,"s:20:0:20:Infinity":3,"s:23:0:23:27":4,"s:24:0:24:34":5,"s:25:0:25:28":6,"s:28:0:36:Infinity":7,"f:28:23:28:24":0,"s:29:2:35:Infinity":8,"b:34:54:34:94:34:97:34:Infinity":0}}}
,"D:\\projects\\FB-Ad-Logic-Engine\\server\\index.js": {"path":"D:\\projects\\FB-Ad-Logic-Engine\\server\\index.js","statementMap":{"0":{"start":{"line":25,"column":6},"end":{"line":25,"column":null}},"1":{"start":{"line":26,"column":6},"end":{"line":26,"column":null}},"2":{"start":{"line":31,"column":27},"end":{"line":31,"column":null}},"3":{"start":{"line":34,"column":2},"end":{"line":34,"column":null}},"4":{"start":{"line":34,"column":12},"end":{"line":34,"column":null}},"5":{"start":{"line":35,"column":12},"end":{"line":35,"column":null}},"6":{"start":{"line":38,"column":2},"end":{"line":41,"column":null}},"7":{"start":{"line":39,"column":14},"end":{"line":39,"column":null}},"8":{"start":{"line":40,"column":4},"end":{"line":40,"column":null}},"9":{"start":{"line":42,"column":2},"end":{"line":45,"column":null}},"10":{"start":{"line":43,"column":14},"end":{"line":43,"column":null}},"11":{"start":{"line":44,"column":4},"end":{"line":44,"column":null}},"12":{"start":{"line":48,"column":2},"end":{"line":51,"column":null}},"13":{"start":{"line":49,"column":25},"end":{"line":49,"column":null}},"14":{"start":{"line":50,"column":4},"end":{"line":50,"column":null}},"15":{"start":{"line":53,"column":2},"end":{"line":53,"column":null}},"16":{"start":{"line":57,"column":14},"end":{"line":57,"column":null}},"17":{"start":{"line":58,"column":17},"end":{"line":58,"column":null}},"18":{"start":{"line":59,"column":2},"end":{"line":59,"column":null}},"19":{"start":{"line":59,"column":14},"end":{"line":59,"column":null}},"20":{"start":{"line":62,"column":19},"end":{"line":82,"column":null}},"21":{"start":{"line":63,"column":14},"end":{"line":63,"column":null}},"22":{"start":{"line":64,"column":18},"end":{"line":67,"column":null}},"23":{"start":{"line":65,"column":6},"end":{"line":65,"column":null}},"24":{"start":{"line":65,"column":12},"end":{"line":65,"column":24}},"25":{"start":{"line":66,"column":6},"end":{"line":66,"column":null}},"26":{"start":{"line":69,"column":4},"end":{"line":71,"column":null}},"27":{"start":{"line":70,"column":6},"end":{"line":70,"column":null}},"28":{"start":{"line":70,"column":12},"end":{"line":70,"column":53}},"29":{"start":{"line":72,"column":4},"end":{"line":77,"column":null}},"30":{"start":{"line":73,"column":6},"end":{"line":73,"column":null}},"31":{"start":{"line":74,"column":17},"end":{"line":74,"column":null}},"32":{"start":{"line":75,"column":6},"end":{"line":75,"column":null}},"33":{"start":{"line":75,"column":12},"end":{"line":75,"column":24}},"34":{"start":{"line":76,"column":6},"end":{"line":76,"column":null}},"35":{"start":{"line":78,"column":4},"end":{"line":81,"column":null}},"36":{"start":{"line":79,"column":6},"end":{"line":79,"column":null}},"37":{"start":{"line":80,"column":6},"end":{"line":80,"column":null}},"38":{"start":{"line":84,"column":19},"end":{"line":84,"column":null}},"39":{"start":{"line":85,"column":2},"end":{"line":85,"column":null}},"40":{"start":{"line":86,"column":2},"end":{"line":86,"column":null}},"41":{"start":{"line":92,"column":29},"end":{"line":92,"column":null}},"42":{"start":{"line":93,"column":26},"end":{"line":93,"column":null}},"43":{"start":{"line":98,"column":4},"end":{"line":98,"column":null}},"44":{"start":{"line":102,"column":4},"end":{"line":140,"column":null}},"45":{"start":{"line":103,"column":16},"end":{"line":103,"column":null}},"46":{"start":{"line":104,"column":19},"end":{"line":108,"column":null}},"47":{"start":{"line":110,"column":6},"end":{"line":110,"column":null}},"48":{"start":{"line":111,"column":6},"end":{"line":111,"column":null}},"49":{"start":{"line":113,"column":18},"end":{"line":113,"column":null}},"50":{"start":{"line":114,"column":19},"end":{"line":114,"column":null}},"51":{"start":{"line":115,"column":17},"end":{"line":115,"column":null}},"52":{"start":{"line":117,"column":6},"end":{"line":131,"column":null}},"53":{"start":{"line":118,"column":8},"end":{"line":118,"column":null}},"54":{"start":{"line":119,"column":21},"end":{"line":119,"column":null}},"55":{"start":{"line":120,"column":29},"end":{"line":120,"column":null}},"56":{"start":{"line":121,"column":8},"end":{"line":126,"column":null}},"57":{"start":{"line":122,"column":22},"end":{"line":122,"column":null}},"58":{"start":{"line":123,"column":10},"end":{"line":123,"column":null}},"59":{"start":{"line":123,"column":37},"end":{"line":123,"column":null}},"60":{"start":{"line":124,"column":10},"end":{"line":124,"column":null}},"61":{"start":{"line":125,"column":10},"end":{"line":125,"column":null}},"62":{"start":{"line":129,"column":8},"end":{"line":129,"column":null}},"63":{"start":{"line":130,"column":8},"end":{"line":130,"column":null}},"64":{"start":{"line":133,"column":6},"end":{"line":133,"column":null}},"65":{"start":{"line":134,"column":6},"end":{"line":134,"column":null}},"66":{"start":{"line":137,"column":6},"end":{"line":137,"column":null}},"67":{"start":{"line":138,"column":6},"end":{"line":138,"column":null}},"68":{"start":{"line":139,"column":6},"end":{"line":139,"column":null}},"69":{"start":{"line":144,"column":4},"end":{"line":147,"column":null}},"70":{"start":{"line":145,"column":6},"end":{"line":145,"column":null}},"71":{"start":{"line":146,"column":6},"end":{"line":146,"column":null}},"72":{"start":{"line":149,"column":10},"end":{"line":153,"column":null}},"73":{"start":{"line":149,"column":55},"end":{"line":153,"column":6}},"74":{"start":{"line":155,"column":23},"end":{"line":155,"column":null}},"75":{"start":{"line":156,"column":4},"end":{"line":156,"column":null}},"76":{"start":{"line":157,"column":4},"end":{"line":157,"column":null}},"77":{"start":{"line":168,"column":55},"end":{"line":168,"column":null}},"78":{"start":{"line":169,"column":21},"end":{"line":169,"column":null}},"79":{"start":{"line":172,"column":10},"end":{"line":172,"column":null}},"80":{"start":{"line":173,"column":4},"end":{"line":175,"column":null}},"81":{"start":{"line":174,"column":6},"end":{"line":174,"column":null}},"82":{"start":{"line":178,"column":4},"end":{"line":241,"column":null}},"83":{"start":{"line":179,"column":19},"end":{"line":179,"column":null}},"84":{"start":{"line":180,"column":6},"end":{"line":240,"column":null}},"85":{"start":{"line":181,"column":21},"end":{"line":181,"column":null}},"86":{"start":{"line":182,"column":8},"end":{"line":185,"column":null}},"87":{"start":{"line":183,"column":10},"end":{"line":183,"column":null}},"88":{"start":{"line":184,"column":10},"end":{"line":184,"column":null}},"89":{"start":{"line":187,"column":8},"end":{"line":239,"column":null}},"90":{"start":{"line":188,"column":27},"end":{"line":188,"column":null}},"91":{"start":{"line":189,"column":10},"end":{"line":230,"column":null}},"92":{"start":{"line":190,"column":12},"end":{"line":190,"column":null}},"93":{"start":{"line":191,"column":12},"end":{"line":191,"column":null}},"94":{"start":{"line":193,"column":12},"end":{"line":193,"column":null}},"95":{"start":{"line":195,"column":12},"end":{"line":229,"column":null}},"96":{"start":{"line":196,"column":14},"end":{"line":196,"column":null}},"97":{"start":{"line":197,"column":28},"end":{"line":197,"column":null}},"98":{"start":{"line":198,"column":29},"end":{"line":198,"column":null}},"99":{"start":{"line":200,"column":37},"end":{"line":202,"column":null}},"100":{"start":{"line":204,"column":27},"end":{"line":204,"column":null}},"101":{"start":{"line":207,"column":14},"end":{"line":211,"column":null}},"102":{"start":{"line":208,"column":16},"end":{"line":208,"column":null}},"103":{"start":{"line":210,"column":16},"end":{"line":210,"column":null}},"104":{"start":{"line":214,"column":14},"end":{"line":220,"column":null}},"105":{"start":{"line":215,"column":36},"end":{"line":215,"column":null}},"106":{"start":{"line":216,"column":16},"end":{"line":219,"column":null}},"107":{"start":{"line":217,"column":24},"end":{"line":217,"column":null}},"108":{"start":{"line":218,"column":18},"end":{"line":218,"column":null}},"109":{"start":{"line":222,"column":14},"end":{"line":222,"column":null}},"110":{"start":{"line":223,"column":14},"end":{"line":223,"column":null}},"111":{"start":{"line":226,"column":14},"end":{"line":226,"column":null}},"112":{"start":{"line":227,"column":14},"end":{"line":227,"column":null}},"113":{"start":{"line":228,"column":14},"end":{"line":228,"column":null}},"114":{"start":{"line":233,"column":10},"end":{"line":238,"column":null}},"115":{"start":{"line":234,"column":12},"end":{"line":234,"column":null}},"116":{"start":{"line":235,"column":12},"end":{"line":235,"column":null}},"117":{"start":{"line":237,"column":12},"end":{"line":237,"column":null}},"118":{"start":{"line":244,"column":4},"end":{"line":284,"column":null}},"119":{"start":{"line":245,"column":6},"end":{"line":283,"column":null}},"120":{"start":{"line":246,"column":27},"end":{"line":246,"column":null}},"121":{"start":{"line":247,"column":8},"end":{"line":249,"column":null}},"122":{"start":{"line":248,"column":10},"end":{"line":248,"column":null}},"123":{"start":{"line":250,"column":22},"end":{"line":250,"column":null}},"124":{"start":{"line":251,"column":23},"end":{"line":256,"column":null}},"125":{"start":{"line":258,"column":31},"end":{"line":260,"column":null}},"126":{"start":{"line":262,"column":25},"end":{"line":262,"column":null}},"127":{"start":{"line":265,"column":8},"end":{"line":269,"column":null}},"128":{"start":{"line":266,"column":10},"end":{"line":266,"column":null}},"129":{"start":{"line":268,"column":10},"end":{"line":268,"column":null}},"130":{"start":{"line":272,"column":8},"end":{"line":278,"column":null}},"131":{"start":{"line":273,"column":30},"end":{"line":273,"column":null}},"132":{"start":{"line":274,"column":10},"end":{"line":277,"column":null}},"133":{"start":{"line":275,"column":18},"end":{"line":275,"column":null}},"134":{"start":{"line":276,"column":12},"end":{"line":276,"column":null}},"135":{"start":{"line":280,"column":8},"end":{"line":280,"column":null}},"136":{"start":{"line":282,"column":8},"end":{"line":282,"column":null}},"137":{"start":{"line":287,"column":4},"end":{"line":334,"column":null}},"138":{"start":{"line":288,"column":6},"end":{"line":333,"column":null}},"139":{"start":{"line":289,"column":28},"end":{"line":289,"column":null}},"140":{"start":{"line":290,"column":24},"end":{"line":290,"column":null}},"141":{"start":{"line":291,"column":8},"end":{"line":291,"column":null}},"142":{"start":{"line":293,"column":29},"end":{"line":297,"column":null}},"143":{"start":{"line":298,"column":8},"end":{"line":301,"column":null}},"144":{"start":{"line":299,"column":10},"end":{"line":299,"column":null}},"145":{"start":{"line":300,"column":10},"end":{"line":300,"column":null}},"146":{"start":{"line":303,"column":29},"end":{"line":303,"column":null}},"147":{"start":{"line":304,"column":25},"end":{"line":304,"column":null}},"148":{"start":{"line":306,"column":8},"end":{"line":310,"column":null}},"149":{"start":{"line":307,"column":28},"end":{"line":307,"column":null}},"150":{"start":{"line":307,"column":63},"end":{"line":307,"column":66}},"151":{"start":{"line":308,"column":10},"end":{"line":308,"column":null}},"152":{"start":{"line":309,"column":10},"end":{"line":309,"column":null}},"153":{"start":{"line":312,"column":21},"end":{"line":312,"column":null}},"154":{"start":{"line":315,"column":8},"end":{"line":319,"column":null}},"155":{"start":{"line":316,"column":10},"end":{"line":316,"column":null}},"156":{"start":{"line":318,"column":10},"end":{"line":318,"column":null}},"157":{"start":{"line":322,"column":8},"end":{"line":328,"column":null}},"158":{"start":{"line":323,"column":30},"end":{"line":323,"column":null}},"159":{"start":{"line":324,"column":10},"end":{"line":327,"column":null}},"160":{"start":{"line":325,"column":18},"end":{"line":325,"column":null}},"161":{"start":{"line":326,"column":12},"end":{"line":326,"column":null}},"162":{"start":{"line":330,"column":8},"end":{"line":330,"column":null}},"163":{"start":{"line":332,"column":8},"end":{"line":332,"column":null}},"164":{"start":{"line":337,"column":4},"end":{"line":337,"column":null}},"165":{"start":{"line":338,"column":19},"end":{"line":341,"column":null}},"166":{"start":{"line":343,"column":27},"end":{"line":345,"column":null}},"167":{"start":{"line":347,"column":21},"end":{"line":347,"column":null}},"168":{"start":{"line":350,"column":4},"end":{"line":354,"column":null}},"169":{"start":{"line":351,"column":6},"end":{"line":351,"column":null}},"170":{"start":{"line":353,"column":6},"end":{"line":353,"column":null}},"171":{"start":{"line":357,"column":4},"end":{"line":363,"column":null}},"172":{"start":{"line":358,"column":26},"end":{"line":358,"column":null}},"173":{"start":{"line":359,"column":6},"end":{"line":362,"column":null}},"174":{"start":{"line":360,"column":14},"end":{"line":360,"column":null}},"175":{"start":{"line":361,"column":8},"end":{"line":361,"column":null}},"176":{"start":{"line":365,"column":4},"end":{"line":365,"column":null}},"177":{"start":{"line":370,"column":4},"end":{"line":629,"column":null}},"178":{"start":{"line":371,"column":6},"end":{"line":628,"column":null}},"179":{"start":{"line":373,"column":24},"end":{"line":373,"column":null}},"180":{"start":{"line":374,"column":24},"end":{"line":374,"column":null}},"181":{"start":{"line":376,"column":8},"end":{"line":384,"column":null}},"182":{"start":{"line":377,"column":25},"end":{"line":377,"column":null}},"183":{"start":{"line":378,"column":10},"end":{"line":378,"column":null}},"184":{"start":{"line":379,"column":10},"end":{"line":379,"column":null}},"185":{"start":{"line":380,"column":8},"end":{"line":384,"column":null}},"186":{"start":{"line":381,"column":24},"end":{"line":381,"column":null}},"187":{"start":{"line":382,"column":10},"end":{"line":382,"column":null}},"188":{"start":{"line":383,"column":10},"end":{"line":383,"column":null}},"189":{"start":{"line":387,"column":29},"end":{"line":387,"column":null}},"190":{"start":{"line":388,"column":27},"end":{"line":388,"column":null}},"191":{"start":{"line":389,"column":27},"end":{"line":389,"column":null}},"192":{"start":{"line":391,"column":8},"end":{"line":391,"column":null}},"193":{"start":{"line":394,"column":28},"end":{"line":394,"column":null}},"194":{"start":{"line":395,"column":21},"end":{"line":395,"column":null}},"195":{"start":{"line":398,"column":8},"end":{"line":398,"column":null}},"196":{"start":{"line":399,"column":25},"end":{"line":588,"column":null}},"197":{"start":{"line":411,"column":10},"end":{"line":411,"column":null}},"198":{"start":{"line":414,"column":10},"end":{"line":425,"column":null}},"199":{"start":{"line":415,"column":28},"end":{"line":415,"column":null}},"200":{"start":{"line":416,"column":12},"end":{"line":416,"column":null}},"201":{"start":{"line":416,"column":45},"end":{"line":416,"column":64}},"202":{"start":{"line":417,"column":12},"end":{"line":423,"column":null}},"203":{"start":{"line":418,"column":14},"end":{"line":418,"column":null}},"204":{"start":{"line":419,"column":14},"end":{"line":421,"column":null}},"205":{"start":{"line":420,"column":16},"end":{"line":420,"column":null}},"206":{"start":{"line":422,"column":14},"end":{"line":422,"column":null}},"207":{"start":{"line":424,"column":12},"end":{"line":424,"column":null}},"208":{"start":{"line":427,"column":10},"end":{"line":427,"column":null}},"209":{"start":{"line":430,"column":31},"end":{"line":430,"column":null}},"210":{"start":{"line":433,"column":10},"end":{"line":436,"column":null}},"211":{"start":{"line":434,"column":12},"end":{"line":434,"column":null}},"212":{"start":{"line":435,"column":12},"end":{"line":435,"column":null}},"213":{"start":{"line":440,"column":10},"end":{"line":587,"column":null}},"214":{"start":{"line":441,"column":12},"end":{"line":586,"column":null}},"215":{"start":{"line":442,"column":14},"end":{"line":442,"column":null}},"216":{"start":{"line":445,"column":32},"end":{"line":486,"column":null}},"217":{"start":{"line":451,"column":16},"end":{"line":451,"column":null}},"218":{"start":{"line":454,"column":32},"end":{"line":459,"column":null}},"219":{"start":{"line":461,"column":16},"end":{"line":465,"column":null}},"220":{"start":{"line":462,"column":18},"end":{"line":462,"column":null}},"221":{"start":{"line":463,"column":34},"end":{"line":463,"column":null}},"222":{"start":{"line":464,"column":18},"end":{"line":464,"column":null}},"223":{"start":{"line":468,"column":34},"end":{"line":468,"column":null}},"224":{"start":{"line":469,"column":34},"end":{"line":471,"column":null}},"225":{"start":{"line":470,"column":41},"end":{"line":470,"column":63}},"226":{"start":{"line":472,"column":36},"end":{"line":472,"column":null}},"227":{"start":{"line":474,"column":16},"end":{"line":474,"column":null}},"228":{"start":{"line":475,"column":16},"end":{"line":475,"column":null}},"229":{"start":{"line":478,"column":16},"end":{"line":478,"column":null}},"230":{"start":{"line":481,"column":16},"end":{"line":485,"column":null}},"231":{"start":{"line":482,"column":34},"end":{"line":482,"column":null}},"232":{"start":{"line":483,"column":18},"end":{"line":483,"column":null}},"233":{"start":{"line":484,"column":18},"end":{"line":484,"column":null}},"234":{"start":{"line":488,"column":14},"end":{"line":492,"column":null}},"235":{"start":{"line":489,"column":16},"end":{"line":489,"column":null}},"236":{"start":{"line":490,"column":16},"end":{"line":490,"column":null}},"237":{"start":{"line":491,"column":16},"end":{"line":491,"column":null}},"238":{"start":{"line":495,"column":35},"end":{"line":495,"column":null}},"239":{"start":{"line":496,"column":36},"end":{"line":496,"column":null}},"240":{"start":{"line":497,"column":33},"end":{"line":497,"column":null}},"241":{"start":{"line":498,"column":38},"end":{"line":498,"column":null}},"242":{"start":{"line":499,"column":34},"end":{"line":499,"column":null}},"243":{"start":{"line":500,"column":30},"end":{"line":500,"column":null}},"244":{"start":{"line":502,"column":14},"end":{"line":555,"column":null}},"245":{"start":{"line":503,"column":16},"end":{"line":503,"column":null}},"246":{"start":{"line":505,"column":16},"end":{"line":548,"column":null}},"247":{"start":{"line":507,"column":36},"end":{"line":507,"column":null}},"248":{"start":{"line":508,"column":18},"end":{"line":544,"column":null}},"249":{"start":{"line":509,"column":20},"end":{"line":509,"column":null}},"250":{"start":{"line":510,"column":39},"end":{"line":510,"column":null}},"251":{"start":{"line":511,"column":38},"end":{"line":511,"column":null}},"252":{"start":{"line":514,"column":34},"end":{"line":514,"column":null}},"253":{"start":{"line":515,"column":39},"end":{"line":515,"column":null}},"254":{"start":{"line":516,"column":40},"end":{"line":516,"column":null}},"255":{"start":{"line":517,"column":20},"end":{"line":521,"column":null}},"256":{"start":{"line":518,"column":41},"end":{"line":518,"column":null}},"257":{"start":{"line":519,"column":44},"end":{"line":519,"column":null}},"258":{"start":{"line":520,"column":22},"end":{"line":520,"column":null}},"259":{"start":{"line":524,"column":20},"end":{"line":537,"column":null}},"260":{"start":{"line":524,"column":33},"end":{"line":524,"column":36}},"261":{"start":{"line":525,"column":41},"end":{"line":525,"column":null}},"262":{"start":{"line":526,"column":22},"end":{"line":536,"column":null}},"263":{"start":{"line":527,"column":36},"end":{"line":527,"column":null}},"264":{"start":{"line":528,"column":38},"end":{"line":528,"column":null}},"265":{"start":{"line":529,"column":24},"end":{"line":529,"column":null}},"266":{"start":{"line":531,"column":24},"end":{"line":535,"column":null}},"267":{"start":{"line":532,"column":26},"end":{"line":532,"column":null}},"268":{"start":{"line":533,"column":24},"end":{"line":535,"column":null}},"269":{"start":{"line":534,"column":26},"end":{"line":534,"column":null}},"270":{"start":{"line":540,"column":20},"end":{"line":543,"column":null}},"271":{"start":{"line":541,"column":40},"end":{"line":541,"column":null}},"272":{"start":{"line":542,"column":22},"end":{"line":542,"column":null}},"273":{"start":{"line":547,"column":18},"end":{"line":547,"column":null}},"274":{"start":{"line":551,"column":16},"end":{"line":554,"column":null}},"275":{"start":{"line":552,"column":18},"end":{"line":552,"column":null}},"276":{"start":{"line":553,"column":18},"end":{"line":553,"column":null}},"277":{"start":{"line":557,"column":14},"end":{"line":575,"column":null}},"278":{"start":{"line":558,"column":16},"end":{"line":558,"column":null}},"279":{"start":{"line":559,"column":16},"end":{"line":574,"column":null}},"280":{"start":{"line":560,"column":18},"end":{"line":564,"column":null}},"281":{"start":{"line":561,"column":20},"end":{"line":561,"column":null}},"282":{"start":{"line":562,"column":20},"end":{"line":562,"column":null}},"283":{"start":{"line":563,"column":20},"end":{"line":563,"column":null}},"284":{"start":{"line":567,"column":35},"end":{"line":567,"column":null}},"285":{"start":{"line":568,"column":18},"end":{"line":568,"column":null}},"286":{"start":{"line":569,"column":18},"end":{"line":569,"column":null}},"287":{"start":{"line":571,"column":18},"end":{"line":571,"column":null}},"288":{"start":{"line":572,"column":18},"end":{"line":572,"column":null}},"289":{"start":{"line":573,"column":18},"end":{"line":573,"column":null}},"290":{"start":{"line":577,"column":14},"end":{"line":582,"column":null}},"291":{"start":{"line":578,"column":16},"end":{"line":578,"column":null}},"292":{"start":{"line":579,"column":16},"end":{"line":579,"column":null}},"293":{"start":{"line":580,"column":16},"end":{"line":580,"column":null}},"294":{"start":{"line":581,"column":16},"end":{"line":581,"column":null}},"295":{"start":{"line":584,"column":14},"end":{"line":584,"column":null}},"296":{"start":{"line":585,"column":14},"end":{"line":585,"column":null}},"297":{"start":{"line":590,"column":8},"end":{"line":595,"column":null}},"298":{"start":{"line":591,"column":10},"end":{"line":591,"column":null}},"299":{"start":{"line":592,"column":10},"end":{"line":592,"column":null}},"300":{"start":{"line":593,"column":10},"end":{"line":593,"column":null}},"301":{"start":{"line":594,"column":10},"end":{"line":594,"column":null}},"302":{"start":{"line":597,"column":8},"end":{"line":601,"column":null}},"303":{"start":{"line":598,"column":10},"end":{"line":598,"column":null}},"304":{"start":{"line":599,"column":10},"end":{"line":599,"column":null}},"305":{"start":{"line":600,"column":10},"end":{"line":600,"column":null}},"306":{"start":{"line":604,"column":8},"end":{"line":615,"column":null}},"307":{"start":{"line":605,"column":10},"end":{"line":605,"column":null}},"308":{"start":{"line":606,"column":10},"end":{"line":608,"column":null}},"309":{"start":{"line":607,"column":12},"end":{"line":607,"column":null}},"310":{"start":{"line":609,"column":10},"end":{"line":611,"column":null}},"311":{"start":{"line":610,"column":12},"end":{"line":610,"column":null}},"312":{"start":{"line":612,"column":10},"end":{"line":614,"column":null}},"313":{"start":{"line":613,"column":12},"end":{"line":613,"column":null}},"314":{"start":{"line":617,"column":8},"end":{"line":621,"column":null}},"315":{"start":{"line":618,"column":10},"end":{"line":618,"column":null}},"316":{"start":{"line":619,"column":10},"end":{"line":619,"column":null}},"317":{"start":{"line":620,"column":10},"end":{"line":620,"column":null}},"318":{"start":{"line":623,"column":8},"end":{"line":623,"column":null}},"319":{"start":{"line":624,"column":8},"end":{"line":624,"column":null}},"320":{"start":{"line":625,"column":8},"end":{"line":625,"column":null}},"321":{"start":{"line":627,"column":8},"end":{"line":627,"column":null}},"322":{"start":{"line":633,"column":4},"end":{"line":650,"column":null}},"323":{"start":{"line":634,"column":18},"end":{"line":634,"column":null}},"324":{"start":{"line":635,"column":21},"end":{"line":639,"column":null}},"325":{"start":{"line":640,"column":19},"end":{"line":640,"column":null}},"326":{"start":{"line":641,"column":6},"end":{"line":643,"column":null}},"327":{"start":{"line":642,"column":8},"end":{"line":642,"column":null}},"328":{"start":{"line":644,"column":6},"end":{"line":644,"column":null}},"329":{"start":{"line":646,"column":6},"end":{"line":648,"column":null}},"330":{"start":{"line":647,"column":8},"end":{"line":647,"column":null}},"331":{"start":{"line":649,"column":6},"end":{"line":649,"column":null}},"332":{"start":{"line":654,"column":4},"end":{"line":715,"column":null}},"333":{"start":{"line":655,"column":18},"end":{"line":655,"column":null}},"334":{"start":{"line":657,"column":20},"end":{"line":657,"column":null}},"335":{"start":{"line":658,"column":21},"end":{"line":665,"column":null}},"336":{"start":{"line":667,"column":6},"end":{"line":678,"column":null}},"337":{"start":{"line":668,"column":8},"end":{"line":671,"column":null}},"338":{"start":{"line":672,"column":6},"end":{"line":678,"column":null}},"339":{"start":{"line":674,"column":8},"end":{"line":674,"column":null}},"340":{"start":{"line":677,"column":8},"end":{"line":677,"column":null}},"341":{"start":{"line":681,"column":6},"end":{"line":683,"column":null}},"342":{"start":{"line":682,"column":8},"end":{"line":682,"column":null}},"343":{"start":{"line":684,"column":6},"end":{"line":686,"column":null}},"344":{"start":{"line":685,"column":8},"end":{"line":685,"column":null}},"345":{"start":{"line":688,"column":19},"end":{"line":688,"column":null}},"346":{"start":{"line":690,"column":6},"end":{"line":692,"column":null}},"347":{"start":{"line":691,"column":8},"end":{"line":691,"column":null}},"348":{"start":{"line":694,"column":6},"end":{"line":709,"column":null}},"349":{"start":{"line":694,"column":46},"end":{"line":709,"column":8}},"350":{"start":{"line":711,"column":6},"end":{"line":713,"column":null}},"351":{"start":{"line":712,"column":8},"end":{"line":712,"column":null}},"352":{"start":{"line":714,"column":6},"end":{"line":714,"column":null}},"353":{"start":{"line":720,"column":4},"end":{"line":720,"column":null}},"354":{"start":{"line":720,"column":45},"end":{"line":720,"column":null}},"355":{"start":{"line":721,"column":30},"end":{"line":725,"column":null}},"356":{"start":{"line":722,"column":6},"end":{"line":722,"column":null}},"357":{"start":{"line":722,"column":32},"end":{"line":722,"column":null}},"358":{"start":{"line":723,"column":16},"end":{"line":723,"column":null}},"359":{"start":{"line":724,"column":6},"end":{"line":724,"column":null}},"360":{"start":{"line":726,"column":4},"end":{"line":729,"column":null}},"361":{"start":{"line":727,"column":16},"end":{"line":727,"column":null}},"362":{"start":{"line":728,"column":6},"end":{"line":728,"column":null}},"363":{"start":{"line":734,"column":4},"end":{"line":734,"column":null}},"364":{"start":{"line":734,"column":45},"end":{"line":734,"column":null}},"365":{"start":{"line":735,"column":17},"end":{"line":735,"column":null}},"366":{"start":{"line":735,"column":24},"end":{"line":735,"column":null}},"367":{"start":{"line":736,"column":17},"end":{"line":738,"column":null}},"368":{"start":{"line":737,"column":19},"end":{"line":737,"column":45}},"369":{"start":{"line":738,"column":17},"end":{"line":738,"column":55}},"370":{"start":{"line":741,"column":4},"end":{"line":747,"column":null}},"371":{"start":{"line":742,"column":18},"end":{"line":742,"column":null}},"372":{"start":{"line":742,"column":33},"end":{"line":742,"column":45}},"373":{"start":{"line":743,"column":6},"end":{"line":746,"column":null}},"374":{"start":{"line":744,"column":18},"end":{"line":744,"column":null}},"375":{"start":{"line":745,"column":8},"end":{"line":745,"column":null}},"376":{"start":{"line":750,"column":4},"end":{"line":756,"column":null}},"377":{"start":{"line":751,"column":18},"end":{"line":751,"column":null}},"378":{"start":{"line":751,"column":33},"end":{"line":751,"column":53}},"379":{"start":{"line":752,"column":6},"end":{"line":755,"column":null}},"380":{"start":{"line":753,"column":18},"end":{"line":753,"column":null}},"381":{"start":{"line":754,"column":8},"end":{"line":754,"column":null}},"382":{"start":{"line":759,"column":4},"end":{"line":773,"column":null}},"383":{"start":{"line":760,"column":19},"end":{"line":760,"column":null}},"384":{"start":{"line":760,"column":36},"end":{"line":760,"column":84}},"385":{"start":{"line":760,"column":57},"end":{"line":760,"column":83}},"386":{"start":{"line":761,"column":6},"end":{"line":764,"column":null}},"387":{"start":{"line":762,"column":18},"end":{"line":762,"column":null}},"388":{"start":{"line":763,"column":8},"end":{"line":763,"column":null}},"389":{"start":{"line":765,"column":6},"end":{"line":772,"column":null}},"390":{"start":{"line":766,"column":17},"end":{"line":766,"column":null}},"391":{"start":{"line":767,"column":8},"end":{"line":770,"column":null}},"392":{"start":{"line":768,"column":20},"end":{"line":768,"column":null}},"393":{"start":{"line":769,"column":10},"end":{"line":769,"column":null}},"394":{"start":{"line":769,"column":32},"end":{"line":769,"column":null}},"395":{"start":{"line":771,"column":8},"end":{"line":771,"column":null}},"396":{"start":{"line":775,"column":4},"end":{"line":775,"column":null}},"397":{"start":{"line":779,"column":4},"end":{"line":779,"column":null}},"398":{"start":{"line":779,"column":55},"end":{"line":779,"column":null}},"399":{"start":{"line":780,"column":17},"end":{"line":780,"column":null}},"400":{"start":{"line":780,"column":24},"end":{"line":780,"column":null}},"401":{"start":{"line":781,"column":17},"end":{"line":783,"column":null}},"402":{"start":{"line":782,"column":19},"end":{"line":782,"column":45}},"403":{"start":{"line":783,"column":17},"end":{"line":783,"column":55}},"404":{"start":{"line":785,"column":4},"end":{"line":791,"column":null}},"405":{"start":{"line":786,"column":18},"end":{"line":786,"column":null}},"406":{"start":{"line":786,"column":33},"end":{"line":786,"column":45}},"407":{"start":{"line":787,"column":6},"end":{"line":790,"column":null}},"408":{"start":{"line":788,"column":18},"end":{"line":788,"column":null}},"409":{"start":{"line":789,"column":8},"end":{"line":789,"column":null}},"410":{"start":{"line":793,"column":4},"end":{"line":799,"column":null}},"411":{"start":{"line":794,"column":18},"end":{"line":794,"column":null}},"412":{"start":{"line":794,"column":33},"end":{"line":794,"column":53}},"413":{"start":{"line":795,"column":6},"end":{"line":798,"column":null}},"414":{"start":{"line":796,"column":18},"end":{"line":796,"column":null}},"415":{"start":{"line":797,"column":8},"end":{"line":797,"column":null}},"416":{"start":{"line":801,"column":4},"end":{"line":815,"column":null}},"417":{"start":{"line":802,"column":19},"end":{"line":802,"column":null}},"418":{"start":{"line":802,"column":36},"end":{"line":802,"column":84}},"419":{"start":{"line":802,"column":57},"end":{"line":802,"column":83}},"420":{"start":{"line":803,"column":6},"end":{"line":806,"column":null}},"421":{"start":{"line":804,"column":18},"end":{"line":804,"column":null}},"422":{"start":{"line":805,"column":8},"end":{"line":805,"column":null}},"423":{"start":{"line":807,"column":6},"end":{"line":814,"column":null}},"424":{"start":{"line":808,"column":17},"end":{"line":808,"column":null}},"425":{"start":{"line":809,"column":8},"end":{"line":812,"column":null}},"426":{"start":{"line":810,"column":20},"end":{"line":810,"column":null}},"427":{"start":{"line":811,"column":10},"end":{"line":811,"column":null}},"428":{"start":{"line":811,"column":32},"end":{"line":811,"column":null}},"429":{"start":{"line":813,"column":8},"end":{"line":813,"column":null}},"430":{"start":{"line":817,"column":4},"end":{"line":817,"column":null}},"431":{"start":{"line":822,"column":4},"end":{"line":832,"column":null}},"432":{"start":{"line":837,"column":4},"end":{"line":847,"column":null}},"433":{"start":{"line":852,"column":4},"end":{"line":852,"column":null}},"434":{"start":{"line":852,"column":45},"end":{"line":852,"column":null}},"435":{"start":{"line":853,"column":17},"end":{"line":853,"column":null}},"436":{"start":{"line":853,"column":24},"end":{"line":853,"column":null}},"437":{"start":{"line":854,"column":17},"end":{"line":856,"column":null}},"438":{"start":{"line":855,"column":19},"end":{"line":855,"column":45}},"439":{"start":{"line":856,"column":17},"end":{"line":856,"column":55}},"440":{"start":{"line":858,"column":4},"end":{"line":864,"column":null}},"441":{"start":{"line":859,"column":18},"end":{"line":859,"column":null}},"442":{"start":{"line":859,"column":33},"end":{"line":859,"column":45}},"443":{"start":{"line":860,"column":6},"end":{"line":863,"column":null}},"444":{"start":{"line":861,"column":18},"end":{"line":861,"column":null}},"445":{"start":{"line":862,"column":8},"end":{"line":862,"column":null}},"446":{"start":{"line":865,"column":4},"end":{"line":871,"column":null}},"447":{"start":{"line":866,"column":18},"end":{"line":866,"column":null}},"448":{"start":{"line":866,"column":33},"end":{"line":866,"column":53}},"449":{"start":{"line":867,"column":6},"end":{"line":870,"column":null}},"450":{"start":{"line":868,"column":18},"end":{"line":868,"column":null}},"451":{"start":{"line":869,"column":8},"end":{"line":869,"column":null}},"452":{"start":{"line":872,"column":4},"end":{"line":872,"column":null}},"453":{"start":{"line":877,"column":14},"end":{"line":877,"column":null}},"454":{"start":{"line":881,"column":4},"end":{"line":884,"column":null}},"455":{"start":{"line":881,"column":26},"end":{"line":884,"column":null}},"456":{"start":{"line":885,"column":4},"end":{"line":888,"column":null}},"457":{"start":{"line":885,"column":29},"end":{"line":888,"column":null}},"458":{"start":{"line":889,"column":4},"end":{"line":892,"column":null}},"459":{"start":{"line":889,"column":35},"end":{"line":892,"column":null}},"460":{"start":{"line":893,"column":4},"end":{"line":896,"column":null}},"461":{"start":{"line":893,"column":34},"end":{"line":896,"column":null}},"462":{"start":{"line":897,"column":4},"end":{"line":897,"column":null}},"463":{"start":{"line":901,"column":16},"end":{"line":901,"column":null}},"464":{"start":{"line":902,"column":4},"end":{"line":907,"column":null}},"465":{"start":{"line":913,"column":16},"end":{"line":913,"column":null}},"466":{"start":{"line":914,"column":18},"end":{"line":914,"column":null}},"467":{"start":{"line":916,"column":21},"end":{"line":916,"column":null}},"468":{"start":{"line":917,"column":23},"end":{"line":917,"column":null}},"469":{"start":{"line":918,"column":24},"end":{"line":918,"column":null}},"470":{"start":{"line":919,"column":19},"end":{"line":923,"column":null}},"471":{"start":{"line":924,"column":4},"end":{"line":930,"column":null}},"472":{"start":{"line":925,"column":6},"end":{"line":925,"column":null}},"473":{"start":{"line":926,"column":4},"end":{"line":930,"column":null}},"474":{"start":{"line":927,"column":6},"end":{"line":927,"column":null}},"475":{"start":{"line":929,"column":6},"end":{"line":929,"column":null}},"476":{"start":{"line":931,"column":4},"end":{"line":931,"column":null}},"477":{"start":{"line":931,"column":47},"end":{"line":931,"column":null}},"478":{"start":{"line":932,"column":4},"end":{"line":934,"column":null}},"479":{"start":{"line":933,"column":6},"end":{"line":933,"column":null}},"480":{"start":{"line":937,"column":4},"end":{"line":949,"column":null}},"481":{"start":{"line":938,"column":6},"end":{"line":938,"column":null}},"482":{"start":{"line":939,"column":6},"end":{"line":939,"column":null}},"483":{"start":{"line":939,"column":22},"end":{"line":939,"column":null}},"484":{"start":{"line":942,"column":6},"end":{"line":948,"column":null}},"485":{"start":{"line":943,"column":31},"end":{"line":943,"column":null}},"486":{"start":{"line":944,"column":8},"end":{"line":944,"column":null}},"487":{"start":{"line":945,"column":8},"end":{"line":945,"column":null}},"488":{"start":{"line":945,"column":24},"end":{"line":945,"column":null}},"489":{"start":{"line":947,"column":8},"end":{"line":947,"column":null}},"490":{"start":{"line":951,"column":4},"end":{"line":984,"column":null}},"491":{"start":{"line":953,"column":20},"end":{"line":953,"column":null}},"492":{"start":{"line":954,"column":22},"end":{"line":954,"column":null}},"493":{"start":{"line":955,"column":6},"end":{"line":983,"column":null}},"494":{"start":{"line":973,"column":20},"end":{"line":973,"column":null}},"495":{"start":{"line":974,"column":10},"end":{"line":974,"column":null}},"496":{"start":{"line":974,"column":41},"end":{"line":974,"column":null}},"497":{"start":{"line":975,"column":20},"end":{"line":975,"column":null}},"498":{"start":{"line":976,"column":10},"end":{"line":976,"column":null}},"499":{"start":{"line":976,"column":41},"end":{"line":976,"column":null}},"500":{"start":{"line":977,"column":10},"end":{"line":977,"column":null}},"501":{"start":{"line":980,"column":20},"end":{"line":980,"column":null}},"502":{"start":{"line":981,"column":10},"end":{"line":981,"column":null}},"503":{"start":{"line":988,"column":16},"end":{"line":988,"column":null}},"504":{"start":{"line":989,"column":18},"end":{"line":989,"column":null}},"505":{"start":{"line":991,"column":21},"end":{"line":991,"column":null}},"506":{"start":{"line":992,"column":23},"end":{"line":992,"column":null}},"507":{"start":{"line":995,"column":24},"end":{"line":995,"column":null}},"508":{"start":{"line":996,"column":19},"end":{"line":1001,"column":null}},"509":{"start":{"line":1002,"column":4},"end":{"line":1008,"column":null}},"510":{"start":{"line":1003,"column":6},"end":{"line":1003,"column":null}},"511":{"start":{"line":1004,"column":4},"end":{"line":1008,"column":null}},"512":{"start":{"line":1005,"column":6},"end":{"line":1005,"column":null}},"513":{"start":{"line":1007,"column":6},"end":{"line":1007,"column":null}},"514":{"start":{"line":1009,"column":4},"end":{"line":1009,"column":null}},"515":{"start":{"line":1009,"column":47},"end":{"line":1009,"column":null}},"516":{"start":{"line":1010,"column":4},"end":{"line":1012,"column":null}},"517":{"start":{"line":1011,"column":6},"end":{"line":1011,"column":null}},"518":{"start":{"line":1014,"column":4},"end":{"line":1026,"column":null}},"519":{"start":{"line":1015,"column":19},"end":{"line":1015,"column":null}},"520":{"start":{"line":1016,"column":6},"end":{"line":1016,"column":null}},"521":{"start":{"line":1016,"column":22},"end":{"line":1016,"column":null}},"522":{"start":{"line":1017,"column":6},"end":{"line":1017,"column":null}},"523":{"start":{"line":1019,"column":6},"end":{"line":1024,"column":null}},"524":{"start":{"line":1020,"column":31},"end":{"line":1020,"column":null}},"525":{"start":{"line":1021,"column":21},"end":{"line":1021,"column":null}},"526":{"start":{"line":1022,"column":8},"end":{"line":1022,"column":null}},"527":{"start":{"line":1022,"column":24},"end":{"line":1022,"column":null}},"528":{"start":{"line":1023,"column":8},"end":{"line":1023,"column":null}},"529":{"start":{"line":1025,"column":6},"end":{"line":1025,"column":null}},"530":{"start":{"line":1030,"column":16},"end":{"line":1030,"column":null}},"531":{"start":{"line":1031,"column":19},"end":{"line":1031,"column":null}},"532":{"start":{"line":1032,"column":17},"end":{"line":1032,"column":null}},"533":{"start":{"line":1033,"column":4},"end":{"line":1033,"column":null}},"534":{"start":{"line":1033,"column":20},"end":{"line":1033,"column":null}},"535":{"start":{"line":1034,"column":20},"end":{"line":1034,"column":null}},"536":{"start":{"line":1035,"column":4},"end":{"line":1035,"column":null}},"537":{"start":{"line":1039,"column":14},"end":{"line":1039,"column":null}},"538":{"start":{"line":1041,"column":23},"end":{"line":1041,"column":null}},"539":{"start":{"line":1042,"column":24},"end":{"line":1042,"column":null}},"540":{"start":{"line":1043,"column":19},"end":{"line":1043,"column":null}},"541":{"start":{"line":1044,"column":17},"end":{"line":1044,"column":null}},"542":{"start":{"line":1045,"column":4},"end":{"line":1064,"column":null}},"543":{"start":{"line":1047,"column":6},"end":{"line":1059,"column":null}},"544":{"start":{"line":1048,"column":8},"end":{"line":1048,"column":null}},"545":{"start":{"line":1049,"column":8},"end":{"line":1049,"column":null}},"546":{"start":{"line":1049,"column":24},"end":{"line":1049,"column":null}},"547":{"start":{"line":1052,"column":8},"end":{"line":1058,"column":null}},"548":{"start":{"line":1053,"column":33},"end":{"line":1053,"column":null}},"549":{"start":{"line":1054,"column":10},"end":{"line":1054,"column":null}},"550":{"start":{"line":1055,"column":10},"end":{"line":1055,"column":null}},"551":{"start":{"line":1055,"column":26},"end":{"line":1055,"column":null}},"552":{"start":{"line":1057,"column":10},"end":{"line":1057,"column":null}},"553":{"start":{"line":1060,"column":6},"end":{"line":1060,"column":null}},"554":{"start":{"line":1061,"column":6},"end":{"line":1061,"column":null}},"555":{"start":{"line":1063,"column":6},"end":{"line":1063,"column":null}},"556":{"start":{"line":1065,"column":4},"end":{"line":1065,"column":null}},"557":{"start":{"line":1069,"column":16},"end":{"line":1069,"column":null}},"558":{"start":{"line":1071,"column":18},"end":{"line":1071,"column":null}},"559":{"start":{"line":1072,"column":4},"end":{"line":1100,"column":null}},"560":{"start":{"line":1073,"column":17},"end":{"line":1073,"column":null}},"561":{"start":{"line":1074,"column":6},"end":{"line":1074,"column":null}},"562":{"start":{"line":1074,"column":15},"end":{"line":1074,"column":null}},"563":{"start":{"line":1075,"column":6},"end":{"line":1099,"column":null}},"564":{"start":{"line":1089,"column":20},"end":{"line":1089,"column":null}},"565":{"start":{"line":1090,"column":10},"end":{"line":1090,"column":null}},"566":{"start":{"line":1090,"column":41},"end":{"line":1090,"column":null}},"567":{"start":{"line":1091,"column":20},"end":{"line":1091,"column":null}},"568":{"start":{"line":1092,"column":10},"end":{"line":1092,"column":null}},"569":{"start":{"line":1092,"column":41},"end":{"line":1092,"column":null}},"570":{"start":{"line":1093,"column":10},"end":{"line":1093,"column":null}},"571":{"start":{"line":1096,"column":20},"end":{"line":1096,"column":null}},"572":{"start":{"line":1097,"column":10},"end":{"line":1097,"column":null}},"573":{"start":{"line":1101,"column":4},"end":{"line":1101,"column":null}},"574":{"start":{"line":1105,"column":4},"end":{"line":1121,"column":null}},"575":{"start":{"line":1106,"column":18},"end":{"line":1106,"column":null}},"576":{"start":{"line":1107,"column":21},"end":{"line":1110,"column":null}},"577":{"start":{"line":1111,"column":19},"end":{"line":1111,"column":null}},"578":{"start":{"line":1112,"column":6},"end":{"line":1114,"column":null}},"579":{"start":{"line":1113,"column":8},"end":{"line":1113,"column":null}},"580":{"start":{"line":1115,"column":6},"end":{"line":1115,"column":null}},"581":{"start":{"line":1117,"column":6},"end":{"line":1119,"column":null}},"582":{"start":{"line":1118,"column":8},"end":{"line":1118,"column":null}},"583":{"start":{"line":1120,"column":6},"end":{"line":1120,"column":null}},"584":{"start":{"line":1125,"column":4},"end":{"line":1141,"column":null}},"585":{"start":{"line":1126,"column":18},"end":{"line":1126,"column":null}},"586":{"start":{"line":1127,"column":21},"end":{"line":1130,"column":null}},"587":{"start":{"line":1131,"column":19},"end":{"line":1131,"column":null}},"588":{"start":{"line":1132,"column":6},"end":{"line":1134,"column":null}},"589":{"start":{"line":1133,"column":8},"end":{"line":1133,"column":null}},"590":{"start":{"line":1135,"column":6},"end":{"line":1135,"column":null}},"591":{"start":{"line":1137,"column":6},"end":{"line":1139,"column":null}},"592":{"start":{"line":1138,"column":8},"end":{"line":1138,"column":null}},"593":{"start":{"line":1140,"column":6},"end":{"line":1140,"column":null}},"594":{"start":{"line":1145,"column":4},"end":{"line":1161,"column":null}},"595":{"start":{"line":1146,"column":18},"end":{"line":1146,"column":null}},"596":{"start":{"line":1147,"column":21},"end":{"line":1150,"column":null}},"597":{"start":{"line":1151,"column":19},"end":{"line":1151,"column":null}},"598":{"start":{"line":1152,"column":6},"end":{"line":1154,"column":null}},"599":{"start":{"line":1153,"column":8},"end":{"line":1153,"column":null}},"600":{"start":{"line":1155,"column":6},"end":{"line":1155,"column":null}},"601":{"start":{"line":1157,"column":6},"end":{"line":1159,"column":null}},"602":{"start":{"line":1158,"column":8},"end":{"line":1158,"column":null}},"603":{"start":{"line":1160,"column":6},"end":{"line":1160,"column":null}},"604":{"start":{"line":1165,"column":4},"end":{"line":1182,"column":null}},"605":{"start":{"line":1166,"column":18},"end":{"line":1166,"column":null}},"606":{"start":{"line":1167,"column":20},"end":{"line":1167,"column":null}},"607":{"start":{"line":1168,"column":21},"end":{"line":1171,"column":null}},"608":{"start":{"line":1172,"column":19},"end":{"line":1172,"column":null}},"609":{"start":{"line":1173,"column":6},"end":{"line":1175,"column":null}},"610":{"start":{"line":1174,"column":8},"end":{"line":1174,"column":null}},"611":{"start":{"line":1176,"column":6},"end":{"line":1176,"column":null}},"612":{"start":{"line":1178,"column":6},"end":{"line":1180,"column":null}},"613":{"start":{"line":1179,"column":8},"end":{"line":1179,"column":null}},"614":{"start":{"line":1181,"column":6},"end":{"line":1181,"column":null}},"615":{"start":{"line":1189,"column":4},"end":{"line":1189,"column":null}},"616":{"start":{"line":1193,"column":4},"end":{"line":1193,"column":null}},"617":{"start":{"line":1193,"column":23},"end":{"line":1193,"column":null}},"618":{"start":{"line":1195,"column":4},"end":{"line":1209,"column":null}},"619":{"start":{"line":1196,"column":17},"end":{"line":1196,"column":null}},"620":{"start":{"line":1196,"column":31},"end":{"line":1196,"column":53}},"621":{"start":{"line":1197,"column":6},"end":{"line":1197,"column":null}},"622":{"start":{"line":1197,"column":15},"end":{"line":1197,"column":null}},"623":{"start":{"line":1200,"column":28},"end":{"line":1202,"column":null}},"624":{"start":{"line":1201,"column":8},"end":{"line":1201,"column":null}},"625":{"start":{"line":1204,"column":6},"end":{"line":1208,"column":null}},"626":{"start":{"line":1206,"column":8},"end":{"line":1206,"column":null}},"627":{"start":{"line":1207,"column":8},"end":{"line":1207,"column":null}},"628":{"start":{"line":1211,"column":4},"end":{"line":1211,"column":null}},"629":{"start":{"line":1215,"column":24},"end":{"line":1215,"column":null}},"630":{"start":{"line":1217,"column":4},"end":{"line":1230,"column":null}},"631":{"start":{"line":1219,"column":8},"end":{"line":1219,"column":null}},"632":{"start":{"line":1221,"column":8},"end":{"line":1221,"column":null}},"633":{"start":{"line":1223,"column":8},"end":{"line":1223,"column":null}},"634":{"start":{"line":1225,"column":8},"end":{"line":1225,"column":null}},"635":{"start":{"line":1227,"column":8},"end":{"line":1227,"column":null}},"636":{"start":{"line":1229,"column":8},"end":{"line":1229,"column":null}},"637":{"start":{"line":1234,"column":4},"end":{"line":1251,"column":null}},"638":{"start":{"line":1236,"column":8},"end":{"line":1236,"column":null}},"639":{"start":{"line":1238,"column":8},"end":{"line":1238,"column":null}},"640":{"start":{"line":1240,"column":8},"end":{"line":1240,"column":null}},"641":{"start":{"line":1242,"column":8},"end":{"line":1242,"column":null}},"642":{"start":{"line":1244,"column":8},"end":{"line":1244,"column":null}},"643":{"start":{"line":1246,"column":8},"end":{"line":1246,"column":null}},"644":{"start":{"line":1248,"column":8},"end":{"line":1248,"column":null}},"645":{"start":{"line":1250,"column":8},"end":{"line":1250,"column":null}},"646":{"start":{"line":1255,"column":4},"end":{"line":1272,"column":null}},"647":{"start":{"line":1256,"column":6},"end":{"line":1271,"column":null}},"648":{"start":{"line":1257,"column":8},"end":{"line":1268,"column":null}},"649":{"start":{"line":1259,"column":12},"end":{"line":1259,"column":null}},"650":{"start":{"line":1260,"column":12},"end":{"line":1260,"column":null}},"651":{"start":{"line":1262,"column":12},"end":{"line":1262,"column":null}},"652":{"start":{"line":1263,"column":12},"end":{"line":1263,"column":null}},"653":{"start":{"line":1266,"column":12},"end":{"line":1266,"column":null}},"654":{"start":{"line":1267,"column":12},"end":{"line":1267,"column":null}},"655":{"start":{"line":1270,"column":8},"end":{"line":1270,"column":null}},"656":{"start":{"line":1276,"column":26},"end":{"line":1276,"column":null}},"657":{"start":{"line":1279,"column":4},"end":{"line":1290,"column":null}},"658":{"start":{"line":1280,"column":6},"end":{"line":1284,"column":null}},"659":{"start":{"line":1281,"column":8},"end":{"line":1281,"column":null}},"660":{"start":{"line":1283,"column":8},"end":{"line":1283,"column":null}},"661":{"start":{"line":1287,"column":6},"end":{"line":1289,"column":null}},"662":{"start":{"line":1292,"column":4},"end":{"line":1292,"column":null}},"663":{"start":{"line":1298,"column":0},"end":{"line":1716,"column":null}},"664":{"start":{"line":1300,"column":0},"end":{"line":1363,"column":null}},"665":{"start":{"line":1301,"column":20},"end":{"line":1301,"column":null}},"666":{"start":{"line":1302,"column":2},"end":{"line":1362,"column":null}},"667":{"start":{"line":1303,"column":4},"end":{"line":1303,"column":null}},"668":{"start":{"line":1304,"column":4},"end":{"line":1304,"column":null}},"669":{"start":{"line":1305,"column":4},"end":{"line":1305,"column":null}},"670":{"start":{"line":1306,"column":4},"end":{"line":1306,"column":null}},"671":{"start":{"line":1307,"column":4},"end":{"line":1307,"column":null}},"672":{"start":{"line":1309,"column":18},"end":{"line":1309,"column":null}},"673":{"start":{"line":1310,"column":4},"end":{"line":1313,"column":null}},"674":{"start":{"line":1311,"column":6},"end":{"line":1311,"column":null}},"675":{"start":{"line":1312,"column":6},"end":{"line":1312,"column":null}},"676":{"start":{"line":1315,"column":4},"end":{"line":1315,"column":null}},"677":{"start":{"line":1316,"column":4},"end":{"line":1316,"column":null}},"678":{"start":{"line":1317,"column":4},"end":{"line":1317,"column":null}},"679":{"start":{"line":1319,"column":4},"end":{"line":1319,"column":null}},"680":{"start":{"line":1320,"column":16},"end":{"line":1320,"column":null}},"681":{"start":{"line":1321,"column":24},"end":{"line":1321,"column":null}},"682":{"start":{"line":1323,"column":27},"end":{"line":1323,"column":null}},"683":{"start":{"line":1324,"column":4},"end":{"line":1338,"column":null}},"684":{"start":{"line":1326,"column":6},"end":{"line":1326,"column":null}},"685":{"start":{"line":1327,"column":4},"end":{"line":1338,"column":null}},"686":{"start":{"line":1328,"column":21},"end":{"line":1331,"column":null}},"687":{"start":{"line":1333,"column":24},"end":{"line":1333,"column":null}},"688":{"start":{"line":1333,"column":32},"end":{"line":1333,"column":null}},"689":{"start":{"line":1334,"column":22},"end":{"line":1334,"column":null}},"690":{"start":{"line":1334,"column":44},"end":{"line":1334,"column":70}},"691":{"start":{"line":1335,"column":6},"end":{"line":1335,"column":null}},"692":{"start":{"line":1335,"column":51},"end":{"line":1335,"column":99}},"693":{"start":{"line":1337,"column":6},"end":{"line":1337,"column":null}},"694":{"start":{"line":1340,"column":21},"end":{"line":1340,"column":null}},"695":{"start":{"line":1341,"column":4},"end":{"line":1341,"column":null}},"696":{"start":{"line":1342,"column":4},"end":{"line":1342,"column":null}},"697":{"start":{"line":1343,"column":4},"end":{"line":1345,"column":null}},"698":{"start":{"line":1344,"column":6},"end":{"line":1344,"column":null}},"699":{"start":{"line":1346,"column":4},"end":{"line":1346,"column":null}},"700":{"start":{"line":1347,"column":4},"end":{"line":1347,"column":null}},"701":{"start":{"line":1349,"column":4},"end":{"line":1349,"column":null}},"702":{"start":{"line":1351,"column":21},"end":{"line":1351,"column":null}},"703":{"start":{"line":1352,"column":4},"end":{"line":1352,"column":null}},"704":{"start":{"line":1353,"column":4},"end":{"line":1353,"column":null}},"705":{"start":{"line":1354,"column":4},"end":{"line":1354,"column":null}},"706":{"start":{"line":1355,"column":4},"end":{"line":1355,"column":null}},"707":{"start":{"line":1356,"column":4},"end":{"line":1356,"column":null}},"708":{"start":{"line":1358,"column":4},"end":{"line":1361,"column":null}},"709":{"start":{"line":1366,"column":0},"end":{"line":1385,"column":null}},"710":{"start":{"line":1367,"column":2},"end":{"line":1384,"column":null}},"711":{"start":{"line":1368,"column":27},"end":{"line":1368,"column":null}},"712":{"start":{"line":1369,"column":4},"end":{"line":1371,"column":null}},"713":{"start":{"line":1370,"column":6},"end":{"line":1370,"column":null}},"714":{"start":{"line":1373,"column":18},"end":{"line":1373,"column":null}},"715":{"start":{"line":1374,"column":4},"end":{"line":1376,"column":null}},"716":{"start":{"line":1375,"column":6},"end":{"line":1375,"column":null}},"717":{"start":{"line":1378,"column":16},"end":{"line":1378,"column":null}},"718":{"start":{"line":1379,"column":16},"end":{"line":1379,"column":null}},"719":{"start":{"line":1380,"column":4},"end":{"line":1380,"column":null}},"720":{"start":{"line":1382,"column":4},"end":{"line":1382,"column":null}},"721":{"start":{"line":1383,"column":4},"end":{"line":1383,"column":null}},"722":{"start":{"line":1388,"column":0},"end":{"line":1418,"column":null}},"723":{"start":{"line":1389,"column":2},"end":{"line":1417,"column":null}},"724":{"start":{"line":1390,"column":110},"end":{"line":1390,"column":null}},"725":{"start":{"line":1391,"column":4},"end":{"line":1393,"column":null}},"726":{"start":{"line":1392,"column":6},"end":{"line":1392,"column":null}},"727":{"start":{"line":1395,"column":18},"end":{"line":1395,"column":null}},"728":{"start":{"line":1396,"column":4},"end":{"line":1398,"column":null}},"729":{"start":{"line":1397,"column":6},"end":{"line":1397,"column":null}},"730":{"start":{"line":1400,"column":16},"end":{"line":1400,"column":null}},"731":{"start":{"line":1401,"column":23},"end":{"line":1401,"column":null}},"732":{"start":{"line":1402,"column":17},"end":{"line":1410,"column":null}},"733":{"start":{"line":1408,"column":57},"end":{"line":1408,"column":65}},"734":{"start":{"line":1412,"column":21},"end":{"line":1412,"column":null}},"735":{"start":{"line":1413,"column":4},"end":{"line":1413,"column":null}},"736":{"start":{"line":1415,"column":4},"end":{"line":1415,"column":null}},"737":{"start":{"line":1416,"column":4},"end":{"line":1416,"column":null}},"738":{"start":{"line":1421,"column":23},"end":{"line":1421,"column":null}},"739":{"start":{"line":1422,"column":20},"end":{"line":1422,"column":null}},"740":{"start":{"line":1424,"column":0},"end":{"line":1479,"column":null}},"741":{"start":{"line":1425,"column":2},"end":{"line":1478,"column":null}},"742":{"start":{"line":1426,"column":124},"end":{"line":1426,"column":null}},"743":{"start":{"line":1427,"column":4},"end":{"line":1427,"column":null}},"744":{"start":{"line":1427,"column":21},"end":{"line":1427,"column":null}},"745":{"start":{"line":1429,"column":18},"end":{"line":1429,"column":null}},"746":{"start":{"line":1430,"column":4},"end":{"line":1430,"column":null}},"747":{"start":{"line":1430,"column":16},"end":{"line":1430,"column":null}},"748":{"start":{"line":1432,"column":16},"end":{"line":1432,"column":null}},"749":{"start":{"line":1433,"column":23},"end":{"line":1433,"column":null}},"750":{"start":{"line":1435,"column":24},"end":{"line":1435,"column":null}},"751":{"start":{"line":1436,"column":25},"end":{"line":1436,"column":null}},"752":{"start":{"line":1437,"column":17},"end":{"line":1446,"column":null}},"753":{"start":{"line":1444,"column":57},"end":{"line":1444,"column":65}},"754":{"start":{"line":1448,"column":24},"end":{"line":1448,"column":null}},"755":{"start":{"line":1449,"column":16},"end":{"line":1449,"column":null}},"756":{"start":{"line":1450,"column":16},"end":{"line":1450,"column":null}},"757":{"start":{"line":1451,"column":19},"end":{"line":1451,"column":null}},"758":{"start":{"line":1453,"column":4},"end":{"line":1456,"column":null}},"759":{"start":{"line":1454,"column":6},"end":{"line":1454,"column":null}},"760":{"start":{"line":1454,"column":31},"end":{"line":1454,"column":null}},"761":{"start":{"line":1455,"column":6},"end":{"line":1455,"column":null}},"762":{"start":{"line":1455,"column":30},"end":{"line":1455,"column":null}},"763":{"start":{"line":1459,"column":4},"end":{"line":1474,"column":null}},"764":{"start":{"line":1460,"column":19},"end":{"line":1460,"column":null}},"765":{"start":{"line":1461,"column":22},"end":{"line":1461,"column":null}},"766":{"start":{"line":1462,"column":20},"end":{"line":1462,"column":null}},"767":{"start":{"line":1463,"column":6},"end":{"line":1466,"column":null}},"768":{"start":{"line":1464,"column":19},"end":{"line":1464,"column":null}},"769":{"start":{"line":1465,"column":8},"end":{"line":1465,"column":null}},"770":{"start":{"line":1465,"column":16},"end":{"line":1465,"column":null}},"771":{"start":{"line":1467,"column":6},"end":{"line":1467,"column":null}},"772":{"start":{"line":1468,"column":6},"end":{"line":1468,"column":null}},"773":{"start":{"line":1471,"column":20},"end":{"line":1471,"column":null}},"774":{"start":{"line":1472,"column":6},"end":{"line":1472,"column":null}},"775":{"start":{"line":1473,"column":6},"end":{"line":1473,"column":null}},"776":{"start":{"line":1476,"column":4},"end":{"line":1476,"column":null}},"777":{"start":{"line":1477,"column":4},"end":{"line":1477,"column":null}},"778":{"start":{"line":1481,"column":0},"end":{"line":1519,"column":null}},"779":{"start":{"line":1482,"column":2},"end":{"line":1518,"column":null}},"780":{"start":{"line":1483,"column":30},"end":{"line":1483,"column":null}},"781":{"start":{"line":1484,"column":4},"end":{"line":1484,"column":null}},"782":{"start":{"line":1484,"column":24},"end":{"line":1484,"column":null}},"783":{"start":{"line":1486,"column":18},"end":{"line":1486,"column":null}},"784":{"start":{"line":1487,"column":4},"end":{"line":1487,"column":null}},"785":{"start":{"line":1487,"column":16},"end":{"line":1487,"column":null}},"786":{"start":{"line":1489,"column":16},"end":{"line":1489,"column":null}},"787":{"start":{"line":1490,"column":15},"end":{"line":1490,"column":null}},"788":{"start":{"line":1493,"column":23},"end":{"line":1493,"column":null}},"789":{"start":{"line":1494,"column":24},"end":{"line":1494,"column":null}},"790":{"start":{"line":1495,"column":4},"end":{"line":1497,"column":null}},"791":{"start":{"line":1496,"column":6},"end":{"line":1496,"column":null}},"792":{"start":{"line":1499,"column":4},"end":{"line":1514,"column":null}},"793":{"start":{"line":1501,"column":37},"end":{"line":1501,"column":null}},"794":{"start":{"line":1502,"column":26},"end":{"line":1502,"column":null}},"795":{"start":{"line":1503,"column":27},"end":{"line":1503,"column":null}},"796":{"start":{"line":1504,"column":19},"end":{"line":1504,"column":null}},"797":{"start":{"line":1505,"column":24},"end":{"line":1505,"column":null}},"798":{"start":{"line":1506,"column":6},"end":{"line":1506,"column":null}},"799":{"start":{"line":1509,"column":18},"end":{"line":1509,"column":null}},"800":{"start":{"line":1510,"column":6},"end":{"line":1512,"column":null}},"801":{"start":{"line":1511,"column":8},"end":{"line":1511,"column":null}},"802":{"start":{"line":1513,"column":6},"end":{"line":1513,"column":null}},"803":{"start":{"line":1516,"column":4},"end":{"line":1516,"column":null}},"804":{"start":{"line":1517,"column":4},"end":{"line":1517,"column":null}},"805":{"start":{"line":1522,"column":0},"end":{"line":1570,"column":null}},"806":{"start":{"line":1523,"column":2},"end":{"line":1569,"column":null}},"807":{"start":{"line":1524,"column":34},"end":{"line":1524,"column":null}},"808":{"start":{"line":1526,"column":4},"end":{"line":1528,"column":null}},"809":{"start":{"line":1527,"column":6},"end":{"line":1527,"column":null}},"810":{"start":{"line":1530,"column":18},"end":{"line":1530,"column":null}},"811":{"start":{"line":1531,"column":4},"end":{"line":1533,"column":null}},"812":{"start":{"line":1532,"column":6},"end":{"line":1532,"column":null}},"813":{"start":{"line":1535,"column":16},"end":{"line":1535,"column":null}},"814":{"start":{"line":1538,"column":21},"end":{"line":1538,"column":null}},"815":{"start":{"line":1539,"column":16},"end":{"line":1539,"column":null}},"816":{"start":{"line":1543,"column":4},"end":{"line":1554,"column":null}},"817":{"start":{"line":1544,"column":22},"end":{"line":1544,"column":null}},"818":{"start":{"line":1545,"column":30},"end":{"line":1545,"column":null}},"819":{"start":{"line":1545,"column":55},"end":{"line":1545,"column":98}},"820":{"start":{"line":1546,"column":6},"end":{"line":1550,"column":null}},"821":{"start":{"line":1547,"column":21},"end":{"line":1547,"column":null}},"822":{"start":{"line":1548,"column":8},"end":{"line":1548,"column":null}},"823":{"start":{"line":1548,"column":19},"end":{"line":1548,"column":null}},"824":{"start":{"line":1549,"column":8},"end":{"line":1549,"column":null}},"825":{"start":{"line":1552,"column":6},"end":{"line":1552,"column":null}},"826":{"start":{"line":1553,"column":6},"end":{"line":1553,"column":null}},"827":{"start":{"line":1553,"column":33},"end":{"line":1553,"column":null}},"828":{"start":{"line":1557,"column":23},"end":{"line":1557,"column":null}},"829":{"start":{"line":1558,"column":20},"end":{"line":1558,"column":null}},"830":{"start":{"line":1560,"column":4},"end":{"line":1563,"column":null}},"831":{"start":{"line":1561,"column":23},"end":{"line":1561,"column":null}},"832":{"start":{"line":1562,"column":6},"end":{"line":1562,"column":null}},"833":{"start":{"line":1565,"column":4},"end":{"line":1565,"column":null}},"834":{"start":{"line":1567,"column":4},"end":{"line":1567,"column":null}},"835":{"start":{"line":1568,"column":4},"end":{"line":1568,"column":null}},"836":{"start":{"line":1573,"column":0},"end":{"line":1581,"column":null}},"837":{"start":{"line":1574,"column":2},"end":{"line":1580,"column":null}},"838":{"start":{"line":1585,"column":0},"end":{"line":1664,"column":null}},"839":{"start":{"line":1586,"column":2},"end":{"line":1663,"column":null}},"840":{"start":{"line":1587,"column":21},"end":{"line":1587,"column":null}},"841":{"start":{"line":1589,"column":4},"end":{"line":1595,"column":null}},"842":{"start":{"line":1590,"column":6},"end":{"line":1594,"column":null}},"843":{"start":{"line":1598,"column":20},"end":{"line":1598,"column":null}},"844":{"start":{"line":1599,"column":20},"end":{"line":1599,"column":null}},"845":{"start":{"line":1600,"column":20},"end":{"line":1600,"column":null}},"846":{"start":{"line":1602,"column":4},"end":{"line":1612,"column":null}},"847":{"start":{"line":1603,"column":21},"end":{"line":1603,"column":null}},"848":{"start":{"line":1604,"column":6},"end":{"line":1604,"column":null}},"849":{"start":{"line":1605,"column":6},"end":{"line":1605,"column":null}},"850":{"start":{"line":1606,"column":6},"end":{"line":1606,"column":null}},"851":{"start":{"line":1607,"column":4},"end":{"line":1612,"column":null}},"852":{"start":{"line":1608,"column":20},"end":{"line":1608,"column":null}},"853":{"start":{"line":1609,"column":6},"end":{"line":1609,"column":null}},"854":{"start":{"line":1610,"column":6},"end":{"line":1610,"column":null}},"855":{"start":{"line":1611,"column":6},"end":{"line":1611,"column":null}},"856":{"start":{"line":1615,"column":4},"end":{"line":1656,"column":null}},"857":{"start":{"line":1616,"column":21},"end":{"line":1628,"column":null}},"858":{"start":{"line":1617,"column":8},"end":{"line":1617,"column":null}},"859":{"start":{"line":1618,"column":8},"end":{"line":1618,"column":null}},"860":{"start":{"line":1619,"column":8},"end":{"line":1627,"column":null}},"861":{"start":{"line":1630,"column":6},"end":{"line":1642,"column":null}},"862":{"start":{"line":1631,"column":8},"end":{"line":1631,"column":null}},"863":{"start":{"line":1632,"column":8},"end":{"line":1641,"column":null}},"864":{"start":{"line":1644,"column":6},"end":{"line":1655,"column":null}},"865":{"start":{"line":1645,"column":8},"end":{"line":1645,"column":null}},"866":{"start":{"line":1646,"column":8},"end":{"line":1654,"column":null}},"867":{"start":{"line":1658,"column":4},"end":{"line":1662,"column":null}},"868":{"start":{"line":1666,"column":0},"end":{"line":1714,"column":null}},"869":{"start":{"line":1667,"column":2},"end":{"line":1713,"column":null}},"870":{"start":{"line":1668,"column":18},"end":{"line":1668,"column":null}},"871":{"start":{"line":1669,"column":22},"end":{"line":1681,"column":null}},"872":{"start":{"line":1683,"column":4},"end":{"line":1708,"column":null}},"873":{"start":{"line":1684,"column":6},"end":{"line":1707,"column":null}},"874":{"start":{"line":1686,"column":24},"end":{"line":1686,"column":null}},"875":{"start":{"line":1687,"column":25},"end":{"line":1687,"column":null}},"876":{"start":{"line":1688,"column":21},"end":{"line":1688,"column":null}},"877":{"start":{"line":1690,"column":8},"end":{"line":1701,"column":null}},"878":{"start":{"line":1691,"column":10},"end":{"line":1694,"column":null}},"879":{"start":{"line":1696,"column":10},"end":{"line":1700,"column":null}},"880":{"start":{"line":1703,"column":8},"end":{"line":1706,"column":null}},"881":{"start":{"line":1710,"column":4},"end":{"line":1710,"column":null}},"882":{"start":{"line":1712,"column":4},"end":{"line":1712,"column":null}}},"fnMap":{"0":{"name":"parseProxyUrl","decl":{"start":{"line":33,"column":9},"end":{"line":33,"column":23}},"loc":{"start":{"line":33,"column":28},"end":{"line":54,"column":null}},"line":33},"1":{"name":"detectProxyProtocol","decl":{"start":{"line":56,"column":15},"end":{"line":56,"column":35}},"loc":{"start":{"line":56,"column":47},"end":{"line":87,"column":null}},"line":56},"2":{"name":"(anonymous_2)","decl":{"start":{"line":62,"column":37},"end":{"line":62,"column":38}},"loc":{"start":{"line":62,"column":50},"end":{"line":82,"column":3}},"line":62},"3":{"name":"(anonymous_3)","decl":{"start":{"line":64,"column":29},"end":{"line":64,"column":35}},"loc":{"start":{"line":64,"column":35},"end":{"line":67,"column":7}},"line":64},"4":{"name":"(anonymous_4)","decl":{"start":{"line":69,"column":20},"end":{"line":69,"column":26}},"loc":{"start":{"line":69,"column":26},"end":{"line":71,"column":5}},"line":69},"5":{"name":"(anonymous_5)","decl":{"start":{"line":72,"column":17},"end":{"line":72,"column":18}},"loc":{"start":{"line":72,"column":26},"end":{"line":77,"column":5}},"line":72},"6":{"name":"(anonymous_6)","decl":{"start":{"line":78,"column":18},"end":{"line":78,"column":24}},"loc":{"start":{"line":78,"column":24},"end":{"line":81,"column":5}},"line":78},"7":{"name":"(anonymous_7)","decl":{"start":{"line":97,"column":2},"end":{"line":97,"column":14}},"loc":{"start":{"line":97,"column":27},"end":{"line":99,"column":null}},"line":97},"8":{"name":"(anonymous_8)","decl":{"start":{"line":101,"column":8},"end":{"line":101,"column":24}},"loc":{"start":{"line":101,"column":24},"end":{"line":141,"column":null}},"line":101},"9":{"name":"(anonymous_9)","decl":{"start":{"line":143,"column":2},"end":{"line":143,"column":26}},"loc":{"start":{"line":143,"column":45},"end":{"line":158,"column":null}},"line":143},"10":{"name":"(anonymous_10)","decl":{"start":{"line":149,"column":43},"end":{"line":149,"column":55}},"loc":{"start":{"line":149,"column":55},"end":{"line":153,"column":6}},"line":149},"11":{"name":"(anonymous_11)","decl":{"start":{"line":167,"column":8},"end":{"line":167,"column":20}},"loc":{"start":{"line":167,"column":76},"end":{"line":366,"column":null}},"line":167},"12":{"name":"(anonymous_12)","decl":{"start":{"line":307,"column":56},"end":{"line":307,"column":63}},"loc":{"start":{"line":307,"column":63},"end":{"line":307,"column":66}},"line":307},"13":{"name":"(anonymous_13)","decl":{"start":{"line":369,"column":8},"end":{"line":369,"column":28}},"loc":{"start":{"line":369,"column":86},"end":{"line":630,"column":null}},"line":369},"14":{"name":"(anonymous_14)","decl":{"start":{"line":370,"column":23},"end":{"line":370,"column":24}},"loc":{"start":{"line":370,"column":44},"end":{"line":629,"column":5}},"line":370},"15":{"name":"(anonymous_15)","decl":{"start":{"line":410,"column":11},"end":{"line":410,"column":12}},"loc":{"start":{"line":410,"column":25},"end":{"line":588,"column":9}},"line":410},"16":{"name":"(anonymous_16)","decl":{"start":{"line":416,"column":32},"end":{"line":416,"column":33}},"loc":{"start":{"line":416,"column":43},"end":{"line":416,"column":65}},"line":416},"17":{"name":"(anonymous_17)","decl":{"start":{"line":417,"column":31},"end":{"line":417,"column":37}},"loc":{"start":{"line":417,"column":37},"end":{"line":423,"column":13}},"line":417},"18":{"name":"(anonymous_18)","decl":{"start":{"line":433,"column":35},"end":{"line":433,"column":36}},"loc":{"start":{"line":433,"column":46},"end":{"line":436,"column":11}},"line":433},"19":{"name":"(anonymous_19)","decl":{"start":{"line":440,"column":23},"end":{"line":440,"column":29}},"loc":{"start":{"line":440,"column":29},"end":{"line":587,"column":11}},"line":440},"20":{"name":"(anonymous_20)","decl":{"start":{"line":450,"column":17},"end":{"line":450,"column":23}},"loc":{"start":{"line":450,"column":23},"end":{"line":486,"column":15}},"line":450},"21":{"name":"(anonymous_21)","decl":{"start":{"line":470,"column":23},"end":{"line":470,"column":24}},"loc":{"start":{"line":470,"column":41},"end":{"line":470,"column":63}},"line":470},"22":{"name":"(anonymous_22)","decl":{"start":{"line":488,"column":36},"end":{"line":488,"column":37}},"loc":{"start":{"line":488,"column":47},"end":{"line":492,"column":15}},"line":488},"23":{"name":"(anonymous_23)","decl":{"start":{"line":502,"column":35},"end":{"line":502,"column":36}},"loc":{"start":{"line":502,"column":46},"end":{"line":555,"column":15}},"line":502},"24":{"name":"(anonymous_24)","decl":{"start":{"line":557,"column":34},"end":{"line":557,"column":40}},"loc":{"start":{"line":557,"column":40},"end":{"line":575,"column":15}},"line":557},"25":{"name":"(anonymous_25)","decl":{"start":{"line":577,"column":42},"end":{"line":577,"column":48}},"loc":{"start":{"line":577,"column":48},"end":{"line":582,"column":15}},"line":577},"26":{"name":"(anonymous_26)","decl":{"start":{"line":590,"column":29},"end":{"line":590,"column":30}},"loc":{"start":{"line":590,"column":40},"end":{"line":595,"column":9}},"line":590},"27":{"name":"(anonymous_27)","decl":{"start":{"line":597,"column":31},"end":{"line":597,"column":37}},"loc":{"start":{"line":597,"column":37},"end":{"line":601,"column":9}},"line":597},"28":{"name":"(anonymous_28)","decl":{"start":{"line":604,"column":30},"end":{"line":604,"column":31}},"loc":{"start":{"line":604,"column":42},"end":{"line":615,"column":9}},"line":604},"29":{"name":"(anonymous_29)","decl":{"start":{"line":606,"column":31},"end":{"line":606,"column":37}},"loc":{"start":{"line":606,"column":37},"end":{"line":608,"column":11}},"line":606},"30":{"name":"(anonymous_30)","decl":{"start":{"line":609,"column":29},"end":{"line":609,"column":30}},"loc":{"start":{"line":609,"column":40},"end":{"line":611,"column":11}},"line":609},"31":{"name":"(anonymous_31)","decl":{"start":{"line":612,"column":31},"end":{"line":612,"column":37}},"loc":{"start":{"line":612,"column":37},"end":{"line":614,"column":11}},"line":612},"32":{"name":"(anonymous_32)","decl":{"start":{"line":617,"column":35},"end":{"line":617,"column":41}},"loc":{"start":{"line":617,"column":41},"end":{"line":621,"column":9}},"line":617},"33":{"name":"(anonymous_33)","decl":{"start":{"line":632,"column":8},"end":{"line":632,"column":15}},"loc":{"start":{"line":632,"column":28},"end":{"line":651,"column":null}},"line":632},"34":{"name":"(anonymous_34)","decl":{"start":{"line":653,"column":8},"end":{"line":653,"column":22}},"loc":{"start":{"line":653,"column":67},"end":{"line":716,"column":null}},"line":653},"35":{"name":"(anonymous_35)","decl":{"start":{"line":694,"column":35},"end":{"line":694,"column":36}},"loc":{"start":{"line":694,"column":46},"end":{"line":709,"column":8}},"line":694},"36":{"name":"(anonymous_36)","decl":{"start":{"line":719,"column":2},"end":{"line":719,"column":23}},"loc":{"start":{"line":719,"column":32},"end":{"line":730,"column":null}},"line":719},"37":{"name":"(anonymous_37)","decl":{"start":{"line":721,"column":45},"end":{"line":721,"column":46}},"loc":{"start":{"line":721,"column":52},"end":{"line":725,"column":5}},"line":721},"38":{"name":"(anonymous_38)","decl":{"start":{"line":726,"column":36},"end":{"line":726,"column":37}},"loc":{"start":{"line":726,"column":48},"end":{"line":729,"column":7}},"line":726},"39":{"name":"(anonymous_39)","decl":{"start":{"line":733,"column":2},"end":{"line":733,"column":18}},"loc":{"start":{"line":733,"column":63},"end":{"line":776,"column":null}},"line":733},"40":{"name":"(anonymous_40)","decl":{"start":{"line":735,"column":17},"end":{"line":735,"column":18}},"loc":{"start":{"line":735,"column":24},"end":{"line":735,"column":null}},"line":735},"41":{"name":"(anonymous_41)","decl":{"start":{"line":737,"column":14},"end":{"line":737,"column":19}},"loc":{"start":{"line":737,"column":19},"end":{"line":737,"column":45}},"line":737},"42":{"name":"(anonymous_42)","decl":{"start":{"line":738,"column":11},"end":{"line":738,"column":17}},"loc":{"start":{"line":738,"column":17},"end":{"line":738,"column":55}},"line":738},"43":{"name":"(anonymous_43)","decl":{"start":{"line":742,"column":28},"end":{"line":742,"column":33}},"loc":{"start":{"line":742,"column":33},"end":{"line":742,"column":45}},"line":742},"44":{"name":"(anonymous_44)","decl":{"start":{"line":751,"column":28},"end":{"line":751,"column":33}},"loc":{"start":{"line":751,"column":33},"end":{"line":751,"column":53}},"line":751},"45":{"name":"(anonymous_45)","decl":{"start":{"line":760,"column":31},"end":{"line":760,"column":36}},"loc":{"start":{"line":760,"column":36},"end":{"line":760,"column":84}},"line":760},"46":{"name":"(anonymous_46)","decl":{"start":{"line":760,"column":50},"end":{"line":760,"column":57}},"loc":{"start":{"line":760,"column":57},"end":{"line":760,"column":83}},"line":760},"47":{"name":"(anonymous_47)","decl":{"start":{"line":778,"column":2},"end":{"line":778,"column":19}},"loc":{"start":{"line":778,"column":69},"end":{"line":818,"column":null}},"line":778},"48":{"name":"(anonymous_48)","decl":{"start":{"line":780,"column":17},"end":{"line":780,"column":18}},"loc":{"start":{"line":780,"column":24},"end":{"line":780,"column":null}},"line":780},"49":{"name":"(anonymous_49)","decl":{"start":{"line":782,"column":14},"end":{"line":782,"column":19}},"loc":{"start":{"line":782,"column":19},"end":{"line":782,"column":45}},"line":782},"50":{"name":"(anonymous_50)","decl":{"start":{"line":783,"column":11},"end":{"line":783,"column":17}},"loc":{"start":{"line":783,"column":17},"end":{"line":783,"column":55}},"line":783},"51":{"name":"(anonymous_51)","decl":{"start":{"line":786,"column":28},"end":{"line":786,"column":33}},"loc":{"start":{"line":786,"column":33},"end":{"line":786,"column":45}},"line":786},"52":{"name":"(anonymous_52)","decl":{"start":{"line":794,"column":28},"end":{"line":794,"column":33}},"loc":{"start":{"line":794,"column":33},"end":{"line":794,"column":53}},"line":794},"53":{"name":"(anonymous_53)","decl":{"start":{"line":802,"column":31},"end":{"line":802,"column":36}},"loc":{"start":{"line":802,"column":36},"end":{"line":802,"column":84}},"line":802},"54":{"name":"(anonymous_54)","decl":{"start":{"line":802,"column":50},"end":{"line":802,"column":57}},"loc":{"start":{"line":802,"column":57},"end":{"line":802,"column":83}},"line":802},"55":{"name":"(anonymous_55)","decl":{"start":{"line":821,"column":2},"end":{"line":821,"column":23}},"loc":{"start":{"line":821,"column":32},"end":{"line":833,"column":null}},"line":821},"56":{"name":"(anonymous_56)","decl":{"start":{"line":836,"column":2},"end":{"line":836,"column":24}},"loc":{"start":{"line":836,"column":38},"end":{"line":848,"column":null}},"line":836},"57":{"name":"(anonymous_57)","decl":{"start":{"line":851,"column":2},"end":{"line":851,"column":24}},"loc":{"start":{"line":851,"column":69},"end":{"line":873,"column":null}},"line":851},"58":{"name":"(anonymous_58)","decl":{"start":{"line":853,"column":17},"end":{"line":853,"column":18}},"loc":{"start":{"line":853,"column":24},"end":{"line":853,"column":null}},"line":853},"59":{"name":"(anonymous_59)","decl":{"start":{"line":855,"column":14},"end":{"line":855,"column":19}},"loc":{"start":{"line":855,"column":19},"end":{"line":855,"column":45}},"line":855},"60":{"name":"(anonymous_60)","decl":{"start":{"line":856,"column":11},"end":{"line":856,"column":17}},"loc":{"start":{"line":856,"column":17},"end":{"line":856,"column":55}},"line":856},"61":{"name":"(anonymous_61)","decl":{"start":{"line":859,"column":28},"end":{"line":859,"column":33}},"loc":{"start":{"line":859,"column":33},"end":{"line":859,"column":45}},"line":859},"62":{"name":"(anonymous_62)","decl":{"start":{"line":866,"column":28},"end":{"line":866,"column":33}},"loc":{"start":{"line":866,"column":33},"end":{"line":866,"column":53}},"line":866},"63":{"name":"(anonymous_63)","decl":{"start":{"line":876,"column":2},"end":{"line":876,"column":19}},"loc":{"start":{"line":876,"column":29},"end":{"line":898,"column":null}},"line":876},"64":{"name":"(anonymous_64)","decl":{"start":{"line":900,"column":2},"end":{"line":900,"column":22}},"loc":{"start":{"line":900,"column":25},"end":{"line":909,"column":null}},"line":900},"65":{"name":"(anonymous_65)","decl":{"start":{"line":912,"column":8},"end":{"line":912,"column":29}},"loc":{"start":{"line":912,"column":74},"end":{"line":985,"column":null}},"line":912},"66":{"name":"(anonymous_66)","decl":{"start":{"line":951,"column":33},"end":{"line":951,"column":41}},"loc":{"start":{"line":951,"column":41},"end":{"line":984,"column":5}},"line":951},"67":{"name":"(anonymous_67)","decl":{"start":{"line":972,"column":15},"end":{"line":972,"column":21}},"loc":{"start":{"line":972,"column":21},"end":{"line":978,"column":11}},"line":972},"68":{"name":"(anonymous_68)","decl":{"start":{"line":979,"column":36},"end":{"line":979,"column":42}},"loc":{"start":{"line":979,"column":42},"end":{"line
[...]
rt":{"line":171,"column":31},"end":{"line":171,"column":59}},"line":171},"4":{"name":"fetchWithTimeout","decl":{"start":{"line":180,"column":16},"end":{"line":180,"column":32}},"loc":{"start":{"line":180,"column":61},"end":{"line":189,"column":1}},"line":180},"5":{"name":"(anonymous_5)","decl":{"start":{"line":183,"column":16},"end":{"line":183,"column":17}},"loc":{"start":{"line":183,"column":31},"end":{"line":187,"column":5}},"line":183},"6":{"name":"(anonymous_6)","decl":{"start":{"line":184,"column":17},"end":{"line":184,"column":18}},"loc":{"start":{"line":184,"column":23},"end":{"line":186,"column":7}},"line":184},"7":{"name":"(anonymous_7)","decl":{"start":{"line":196,"column":2},"end":{"line":196,"column":13}},"loc":{"start":{"line":196,"column":16},"end":{"line":205,"column":3}},"line":196},"8":{"name":"(anonymous_8)","decl":{"start":{"line":210,"column":2},"end":{"line":210,"column":15}},"loc":{"start":{"line":210,"column":18},"end":{"line":222,"column":3}},"line":210},"9":{"name":"(anonymous_9)","decl":{"start":{"line":227,"column":2},"end":{"line":227,"column":15}},"loc":{"start":{"line":227,"column":18},"end":{"line":233,"column":3}},"line":227},"10":{"name":"(anonymous_10)","decl":{"start":{"line":239,"column":2},"end":{"line":239,"column":10}},"loc":{"start":{"line":239,"column":13},"end":{"line":241,"column":3}},"line":239},"11":{"name":"(anonymous_11)","decl":{"start":{"line":247,"column":2},"end":{"line":247,"column":11}},"loc":{"start":{"line":247,"column":14},"end":{"line":254,"column":3}},"line":247},"12":{"name":"(anonymous_12)","decl":{"start":{"line":259,"column":2},"end":{"line":259,"column":7}},"loc":{"start":{"line":259,"column":10},"end":{"line":264,"column":3}},"line":259},"13":{"name":"checkTokenError","decl":{"start":{"line":275,"column":16},"end":{"line":275,"column":31}},"loc":{"start":{"line":275,"column":39},"end":{"line":290,"column":1}},"line":275},"14":{"name":"recordSuccess","decl":{"start":{"line":295,"column":16},"end":{"line":295,"column":29}},"loc":{"start":{"line":295,"column":32},"end":{"line":297,"column":1}},"line":295},"15":{"name":"getCircuitBreakerStatus","decl":{"start":{"line":303,"column":16},"end":{"line":303,"column":39}},"loc":{"start":{"line":303,"column":42},"end":{"line":305,"column":1}},"line":303},"16":{"name":"resetCircuitBreaker","decl":{"start":{"line":310,"column":16},"end":{"line":310,"column":35}},"loc":{"start":{"line":310,"column":38},"end":{"line":312,"column":1}},"line":310}},"branchMap":{"0":{"loc":{"start":{"line":11,"column":2},"end":{"line":13,"column":3}},"type":"if","locations":[{"start":{"line":11,"column":2},"end":{"line":13,"column":3}},{"start":{},"end":{}}],"line":11},"1":{"loc":{"start":{"line":17,"column":4},"end":{"line":19,"column":5}},"type":"if","locations":[{"start":{"line":17,"column":4},"end":{"line":19,"column":5}},{"start":{},"end":{}}],"line":17},"2":{"loc":{"start":{"line":22,"column":4},"end":{"line":25,"column":5}},"type":"if","locations":[{"start":{"line":22,"column":4},"end":{"line":25,"column":5}},{"start":{},"end":{}}],"line":22},"3":{"loc":{"start":{"line":51,"column":46},"end":{"line":51,"column":58}},"type":"default-arg","locations":[{"start":{"line":51,"column":56},"end":{"line":51,"column":58}}],"line":51},"4":{"loc":{"start":{"line":53,"column":4},"end":{"line":53,"column":33}},"type":"default-arg","locations":[{"start":{"line":53,"column":24},"end":{"line":53,"column":33}}],"line":53},"5":{"loc":{"start":{"line":54,"column":4},"end":{"line":54,"column":25}},"type":"default-arg","locations":[{"start":{"line":54,"column":21},"end":{"line":54,"column":25}}],"line":54},"6":{"loc":{"start":{"line":58,"column":2},"end":{"line":64,"column":3}},"type":"if","locations":[{"start":{"line":58,"column":2},"end":{"line":64,"column":3}},{"start":{},"end":{}}],"line":58},"7":{"loc":{"start":{"line":72,"column":2},"end":{"line":108,"column":3}},"type":"if","locations":[{"start":{"line":72,"column":2},"end":{"line":108,"column":3}},{"start":{},"end":{}}],"line":72},"8":{"loc":{"start":{"line":72,"column":6},"end":{"line":73,"column":51}},"type":"binary-expr","locations":[{"start":{"line":72,"column":6},"end":{"line":72,"column":61}},{"start":{"line":73,"column":6},"end":{"line":73,"column":51}}],"line":72},"9":{"loc":{"start":{"line":80,"column":4},"end":{"line":84,"column":5}},"type":"if","locations":[{"start":{"line":80,"column":4},"end":{"line":84,"column":5}},{"start":{"line":82,"column":11},"end":{"line":84,"column":5}}],"line":80},"10":{"loc":{"start":{"line":94,"column":4},"end":{"line":99,"column":5}},"type":"if","locations":[{"start":{"line":94,"column":4},"end":{"line":99,"column":5}},{"start":{"line":96,"column":11},"end":{"line":99,"column":5}}],"line":94},"11":{"loc":{"start":{"line":117,"column":2},"end":{"line":126,"column":3}},"type":"if","locations":[{"start":{"line":117,"column":2},"end":{"line":126,"column":3}},{"start":{"line":122,"column":9},"end":{"line":126,"column":3}}],"line":117},"12":{"loc":{"start":{"line":117,"column":6},"end":{"line":117,"column":50}},"type":"binary-expr","locations":[{"start":{"line":117,"column":6},"end":{"line":117,"column":26}},{"start":{"line":117,"column":30},"end":{"line":117,"column":50}}],"line":117},"13":{"loc":{"start":{"line":122,"column":9},"end":{"line":126,"column":3}},"type":"if","locations":[{"start":{"line":122,"column":9},"end":{"line":126,"column":3}},{"start":{},"end":{}}],"line":122},"14":{"loc":{"start":{"line":130,"column":2},"end":{"line":142,"column":3}},"type":"if","locations":[{"start":{"line":130,"column":2},"end":{"line":142,"column":3}},{"start":{"line":133,"column":9},"end":{"line":142,"column":3}}],"line":130},"15":{"loc":{"start":{"line":133,"column":9},"end":{"line":142,"column":3}},"type":"if","locations":[{"start":{"line":133,"column":9},"end":{"line":142,"column":3}},{"start":{"line":136,"column":9},"end":{"line":142,"column":3}}],"line":133},"16":{"loc":{"start":{"line":136,"column":9},"end":{"line":142,"column":3}},"type":"if","locations":[{"start":{"line":136,"column":9},"end":{"line":142,"column":3}},{"start":{"line":138,"column":9},"end":{"line":142,"column":3}}],"line":136},"17":{"loc":{"start":{"line":138,"column":9},"end":{"line":142,"column":3}},"type":"if","locations":[{"start":{"line":138,"column":9},"end":{"line":142,"column":3}},{"start":{"line":140,"column":9},"end":{"line":142,"column":3}}],"line":138},"18":{"loc":{"start":{"line":157,"column":51},"end":{"line":157,"column":63}},"type":"default-arg","locations":[{"start":{"line":157,"column":61},"end":{"line":157,"column":63}}],"line":157},"19":{"loc":{"start":{"line":160,"column":2},"end":{"line":164,"column":3}},"type":"if","locations":[{"start":{"line":160,"column":2},"end":{"line":164,"column":3}},{"start":{"line":162,"column":9},"end":{"line":164,"column":3}}],"line":160},"20":{"loc":{"start":{"line":166,"column":2},"end":{"line":169,"column":3}},"type":"if","locations":[{"start":{"line":166,"column":2},"end":{"line":169,"column":3}},{"start":{},"end":{}}],"line":166},"21":{"loc":{"start":{"line":180,"column":42},"end":{"line":180,"column":59}},"type":"default-arg","locations":[{"start":{"line":180,"column":54},"end":{"line":180,"column":59}}],"line":180},"22":{"loc":{"start":{"line":217,"column":4},"end":{"line":221,"column":5}},"type":"if","locations":[{"start":{"line":217,"column":4},"end":{"line":221,"column":5}},{"start":{},"end":{}}],"line":217},"23":{"loc":{"start":{"line":228,"column":4},"end":{"line":230,"column":5}},"type":"if","locations":[{"start":{"line":228,"column":4},"end":{"line":230,"column":5}},{"start":{},"end":{}}],"line":228},"24":{"loc":{"start":{"line":277,"column":20},"end":{"line":277,"column":91}},"type":"binary-expr","locations":[{"start":{"line":277,"column":20},"end":{"line":277,"column":38}},{"start":{"line":277,"column":42},"end":{"line":277,"column":53}},{"start":{"line":277,"column":57},"end":{"line":277,"column":91}}],"line":277},"25":{"loc":{"start":{"line":278,"column":23},"end":{"line":278,"column":109}},"type":"binary-expr","locations":[{"start":{"line":278,"column":23},"end":{"line":278,"column":44}},{"start":{"line":278,"column":48},"end":{"line":278,"column":62}},{"start":{"line":278,"column":66},"end":{"line":278,"column":103}},{"start":{"line":278,"column":107},"end":{"line":278,"column":109}}],"line":278},"26":{"loc":{"start":{"line":280,"column":2},"end":{"line":287,"column":3}},"type":"if","locations":[{"start":{"line":280,"column":2},"end":{"line":287,"column":3}},{"start":{},"end":{}}],"line":280},"27":{"loc":{"start":{"line":280,"column":6},"end":{"line":280,"column":78}},"type":"binary-expr","locations":[{"start":{"line":280,"column":6},"end":{"line":280,"column":23}},{"start":{"line":280,"column":27},"end":{"line":280,"column":78}}],"line":280},"28":{"loc":{"start":{"line":284,"column":4},"end":{"line":286,"column":5}},"type":"if","locations":[{"start":{"line":284,"column":4},"end":{"line":286,"column":5}},{"start":{},"end":{}}],"line":284}},"s":{"0":5,"1":3,"2":2,"3":2,"4":1,"5":1,"6":1,"7":1,"8":0,"9":0,"10":0,"11":7,"12":7,"13":1,"14":6,"15":2,"16":2,"17":1,"18":1,"19":2,"20":2,"21":2,"22":0,"23":2,"24":2,"25":2,"26":2,"27":4,"28":4,"29":4,"30":4,"31":4,"32":0,"33":0,"34":4,"35":4,"36":0,"37":0,"38":4,"39":2,"40":2,"41":2,"42":1,"43":1,"44":0,"45":1,"46":4,"47":0,"48":0,"49":0,"50":0,"51":0,"52":0,"53":0,"54":0,"55":2,"56":2,"57":1,"58":4,"59":4,"60":4,"61":4,"62":4,"63":4,"64":4,"65":4,"66":1,"67":1,"68":1,"69":1,"70":1,"71":1,"72":4,"73":4,"74":19,"75":19,"76":19,"77":19,"78":4,"79":5,"80":5,"81":5,"82":4,"83":4,"84":1,"85":1,"86":4,"87":19},"f":{"0":5,"1":7,"2":0,"3":0,"4":2,"5":2,"6":1,"7":4,"8":4,"9":1,"10":4,"11":4,"12":19,"13":5,"14":1,"15":4,"16":19},"b":{"0":[3,2],"1":[1,1],"2":[1,0],"3":[7],"4":[7],"5":[7],"6":[1,6],"7":[2,4],"8":[6,3],"9":[1,1],"10":[0,2],"11":[4,0],"12":[4,4],"13":[0,0],"14":[0,4],"15":[2,2],"16":[1,1],"17":[0,1],"18":[0],"19":[0,0],"20":[0,0],"21":[2],"22":[1,3],"23":[1,0],"24":[5,0,0],"25":[5,0,0,0],"26":[4,1],"27":[5,1],"28":[1,3]},"meta":{"lastBranch":29,"lastFunction":17,"lastStatement":88,"seen":{"f:10:16:10:32":0,"b:11:2:13:3:undefined:undefined:undefined:undefined":0,"s:11:2:13:3":0,"s:12:4:12:15":1,"s:15:2:32:3":2,"b:17:4:19:5:undefined:undefined:undefined:undefined":1,"s:17:4:19:5":3,"s:18:6:18:24":4,"b:22:4:25:5:undefined:undefined:undefined:undefined":2,"s:22:4:25:5":5,"s:23:21:23:44":6,"s:24:6:24:19":7,"s:27:4:27:15":8,"s:30:4:30:74":9,"s:31:4:31:15":10,"f:51:16:51:34":1,"b:51:56:51:58":3,"s:55:6:55:13":11,"b:53:24:53:33":4,"b:54:21:54:25":5,"b:58:2:64:3:undefined:undefined:undefined:undefined":6,"s:58:2:64:3":12,"s:59:4:63:5":13,"b:72:2:108:3:undefined:undefined:undefined:undefined":7,"s:72:2:108:3":14,"b:72:6:72:61:73:6:73:51":8,"s:74:26:74:67":15,"b:80:4:84:5:82:11:84:5":9,"s:80:4:84:5":16,"s:81:6:81:56":17,"s:83:6:83:51":18,"s:87:24:87:52":19,"s:93:16:93:21":20,"b:94:4:99:5:96:11:99:5":10,"s:94:4:99:5":21,"s:95:6:95:20":22,"s:97:6:97:20":23,"s:98:6:98:18":24,"s:101:4:101:143":25,"s:103:4:107:5":26,"s:114:18:114:19":27,"s:115:16:115:19":28,"b:117:2:126:3:122:9:126:3":11,"s:117:2:126:3":29,"b:117:6:117:26:117:30:117:50":12,"s:120:30:120:55":30,"s:121:4:121:79":31,"b:122:9:126:3:undefined:undefined:undefined:undefined":13,"s:122:9:126:3":32,"s:125:4:125:64":33,"s:129:14:129:19":34,"b:130:2:142:3:133:9:142:3":14,"s:130:2:142:3":35,"s:131:4:131:27":36,"s:132:4:132:16":37,"b:133:9:142:3:136:9:142:3":15,"s:133:9:142:3":38,"s:134:4:134:27":39,"s:135:4:135:16":40,"b:136:9:142:3:138:9:142:3":16,"s:136:9:142:3":41,"s:137:4:137:23":42,"b:138:9:142:3:140:9:142:3":17,"s:138:9:142:3":43,"s:139:4:139:18":44,"s:141:4:141:17":45,"s:144:2:148:3":46,"f:157:22:157:39":2,"b:157:61:157:63":18,"s:158:40:158:78":47,"b:160:2:164:3:162:9:164:3":19,"s:160:2:164:3":48,"s:161:4:161:61":49,"s:163:4:163:45":50,"b:166:2:169:3:undefined:undefined:undefined:undefined":20,"s:166:2:169:3":51,"s:167:4:167:54":52,"s:171:2:171:60":53,"f:171:20:171:27":3,"s:171:31:171:59":54,"f:180:16:180:32":4,"b:180:54:180:59":21,"s:181:2:188:4":55,"f:183:16:183:17":5,"s:184:6:186:19":56,"f:184:17:184:18":6,"s:185:8:185:49":57,"f:196:2:196:13":7,"s:198:4:198:25":58,"s:200:4:200:31":59,"s:202:4:202:31":60,"s:204:4:204:22":61,"f:210:2:210:15":8,"s:211:4:211:23":62,"s:212:4:212:37":63,"s:214:4:214:74":64,"b:217:4:221:5:undefined:undefined:undefined:undefined":22,"s:217:4:221:5":65,"s:218:6:218:32":66,"s:219:6:219:69":67,"f:227:2:227:15":9,"b:228:4:230:5:undefined:undefined:undefined:undefined":23,"s:228:4:230:5":68,"s:229:6:229:64":69,"s:231:4:231:25":70,"s:232:4:232:31":71,"f:239:2:239:10":10,"s:240:4:240:30":72,"f:247:2:247:11":11,"s:248:4:253:5":73,"f:259:2:259:7":12,"s:260:4:260:36":74,"s:261:4:261:25":75,"s:262:4:262:31":76,"s:263:4:263:31":77,"s:268:28:268:53":78,"f:275:16:275:31":13,"s:277:20:277:91":79,"b:277:20:277:38:277:42:277:53:277:57:277:91":24,"s:278:23:278:109":80,"b:278:23:278:44:278:48:278:62:278:66:278:103:278:107:278:109":25,"b:280:2:287:3:undefined:undefined:undefined:undefined":26,"s:280:2:287:3":81,"b:280:6:280:23:280:27:280:78":27,"s:281:4:281:39":82,"b:284:4:286:5:undefined:undefined:undefined:undefined":28,"s:284:4:286:5":83,"s:285:6:285:64":84,"f:295:16:295:29":14,"s:296:2:296:37":85,"f:303:16:303:39":15,"s:304:2:304:40":86,"f:310:16:310:35":16,"s:311:2:311:29":87}}}
,"D:\\projects\\FB-Ad-Logic-Engine\\server\\services\\rulesService.js": {"path":"D:\\projects\\FB-Ad-Logic-Engine\\server\\services\\rulesService.js","statementMap":{"0":{"start":{"line":16,"column":17},"end":{"line":22,"column":4}},"1":{"start":{"line":25,"column":20},"end":{"line":25,"column":38}},"2":{"start":{"line":28,"column":18},"end":{"line":32,"column":13}},"3":{"start":{"line":34,"column":2},"end":{"line":34,"column":19}},"4":{"start":{"line":46,"column":14},"end":{"line":46,"column":69}},"5":{"start":{"line":49,"column":2},"end":{"line":51,"column":3}},"6":{"start":{"line":50,"column":4},"end":{"line":50,"column":79}},"7":{"start":{"line":54,"column":2},"end":{"line":56,"column":3}},"8":{"start":{"line":55,"column":4},"end":{"line":55,"column":48}},"9":{"start":{"line":59,"column":2},"end":{"line":64,"column":3}},"10":{"start":{"line":60,"column":4},"end":{"line":60,"column":38}},"11":{"start":{"line":61,"column":4},"end":{"line":63,"column":5}},"12":{"start":{"line":62,"column":6},"end":{"line":62,"column":42}},"13":{"start":{"line":66,"column":20},"end":{"line":66,"column":31}},"14":{"start":{"line":67,"column":2},"end":{"line":67,"column":18}},"15":{"start":{"line":78,"column":17},"end":{"line":87,"column":13}},"16":{"start":{"line":89,"column":2},"end":{"line":89,"column":26}},"17":{"start":{"line":101,"column":17},"end":{"line":112,"column":5}},"18":{"start":{"line":114,"column":2},"end":{"line":116,"column":3}},"19":{"start":{"line":115,"column":4},"end":{"line":115,"column":33}},"20":{"start":{"line":119,"column":22},"end":{"line":119,"column":55}},"21":{"start":{"line":120,"column":2},"end":{"line":120,"column":20}},"22":{"start":{"line":131,"column":17},"end":{"line":138,"column":5}},"23":{"start":{"line":140,"column":2},"end":{"line":142,"column":3}},"24":{"start":{"line":141,"column":4},"end":{"line":141,"column":33}},"25":{"start":{"line":144,"column":2},"end":{"line":144,"column":13}},"26":{"start":{"line":156,"column":2},"end":{"line":156,"column":54}}},"fnMap":{"0":{"name":"createRule","decl":{"start":{"line":13,"column":22},"end":{"line":13,"column":32}},"loc":{"start":{"line":13,"column":51},"end":{"line":35,"column":1}},"line":13},"1":{"name":"getUserRules","decl":{"start":{"line":43,"column":22},"end":{"line":43,"column":34}},"loc":{"start":{"line":43,"column":57},"end":{"line":68,"column":1}},"line":43},"2":{"name":"getRuleById","decl":{"start":{"line":76,"column":22},"end":{"line":76,"column":33}},"loc":{"start":{"line":76,"column":50},"end":{"line":90,"column":1}},"line":76},"3":{"name":"updateRule","decl":{"start":{"line":99,"column":22},"end":{"line":99,"column":32}},"loc":{"start":{"line":99,"column":58},"end":{"line":121,"column":1}},"line":99},"4":{"name":"deleteRule","decl":{"start":{"line":129,"column":22},"end":{"line":129,"column":32}},"loc":{"start":{"line":129,"column":49},"end":{"line":145,"column":1}},"line":129},"5":{"name":"toggleRule","decl":{"start":{"line":154,"column":22},"end":{"line":154,"column":32}},"loc":{"start":{"line":154,"column":58},"end":{"line":157,"column":1}},"line":154}},"branchMap":{"0":{"loc":{"start":{"line":21,"column":13},"end":{"line":21,"column":37}},"type":"binary-expr","locations":[{"start":{"line":21,"column":13},"end":{"line":21,"column":29}},{"start":{"line":21,"column":33},"end":{"line":21,"column":37}}],"line":21},"1":{"loc":{"start":{"line":43,"column":43},"end":{"line":43,"column":55}},"type":"default-arg","locations":[{"start":{"line":43,"column":53},"end":{"line":43,"column":55}}],"line":43},"2":{"loc":{"start":{"line":49,"column":2},"end":{"line":51,"column":3}},"type":"if","locations":[{"start":{"line":49,"column":2},"end":{"line":51,"column":3}},{"start":{},"end":{}}],"line":49},"3":{"loc":{"start":{"line":54,"column":2},"end":{"line":56,"column":3}},"type":"if","locations":[{"start":{"line":54,"column":2},"end":{"line":56,"column":3}},{"start":{},"end":{}}],"line":54},"4":{"loc":{"start":{"line":54,"column":6},"end":{"line":54,"column":57}},"type":"binary-expr","locations":[{"start":{"line":54,"column":6},"end":{"line":54,"column":37}},{"start":{"line":54,"column":41},"end":{"line":54,"column":57}}],"line":54},"5":{"loc":{"start":{"line":59,"column":2},"end":{"line":64,"column":3}},"type":"if","locations":[{"start":{"line":59,"column":2},"end":{"line":64,"column":3}},{"start":{},"end":{}}],"line":59},"6":{"loc":{"start":{"line":61,"column":4},"end":{"line":63,"column":5}},"type":"if","locations":[{"start":{"line":61,"column":4},"end":{"line":63,"column":5}},{"start":{},"end":{}}],"line":61},"7":{"loc":{"start":{"line":89,"column":9},"end":{"line":89,"column":26}},"type":"binary-expr","locations":[{"start":{"line":89,"column":9},"end":{"line":89,"column":18}},{"start":{"line":89,"column":22},"end":{"line":89,"column":26}}],"line":89},"8":{"loc":{"start":{"line":114,"column":2},"end":{"line":116,"column":3}},"type":"if","locations":[{"start":{"line":114,"column":2},"end":{"line":116,"column":3}},{"start":{},"end":{}}],"line":114},"9":{"loc":{"start":{"line":140,"column":2},"end":{"line":142,"column":3}},"type":"if","locations":[{"start":{"line":140,"column":2},"end":{"line":142,"column":3}},{"start":{},"end":{}}],"line":140}},"s":{"0":4,"1":4,"2":4,"3":4,"4":1,"5":1,"6":0,"7":1,"8":1,"9":1,"10":0,"11":0,"12":0,"13":1,"14":1,"15":2,"16":2,"17":1,"18":1,"19":0,"20":1,"21":1,"22":1,"23":1,"24":0,"25":1,"26":0},"f":{"0":4,"1":1,"2":2,"3":1,"4":1,"5":0},"b":{"0":[4,4],"1":[1],"2":[0,1],"3":[1,0],"4":[1,0],"5":[0,1],"6":[0,0],"7":[2,0],"8":[0,1],"9":[0,1]},"meta":{"lastBranch":10,"lastFunction":6,"lastStatement":27,"seen":{"f:13:22:13:32":0,"s:16:17:22:4":0,"b:21:13:21:29:21:33:21:37":0,"s:25:20:25:38":1,"s:28:18:32:13":2,"s:34:2:34:19":3,"f:43:22:43:34":1,"b:43:53:43:55":1,"s:46:14:46:69":4,"b:49:2:51:3:undefined:undefined:undefined:undefined":2,"s:49:2:51:3":5,"s:50:4:50:79":6,"b:54:2:56:3:undefined:undefined:undefined:undefined":3,"s:54:2:56:3":7,"b:54:6:54:37:54:41:54:57":4,"s:55:4:55:48":8,"b:59:2:64:3:undefined:undefined:undefined:undefined":5,"s:59:2:64:3":9,"s:60:4:60:38":10,"b:61:4:63:5:undefined:undefined:undefined:undefined":6,"s:61:4:63:5":11,"s:62:6:62:42":12,"s:66:20:66:31":13,"s:67:2:67:18":14,"f:76:22:76:33":2,"s:78:17:87:13":15,"s:89:2:89:26":16,"b:89:9:89:18:89:22:89:26":7,"f:99:22:99:32":3,"s:101:17:112:5":17,"b:114:2:116:3:undefined:undefined:undefined:undefined":8,"s:114:2:116:3":18,"s:115:4:115:33":19,"s:119:22:119:55":20,"s:120:2:120:20":21,"f:129:22:129:32":4,"s:131:17:138:5":22,"b:140:2:142:3:undefined:undefined:undefined:undefined":9,"s:140:2:142:3":23,"s:141:4:141:33":24,"s:144:2:144:13":25,"f:154:22:154:32":5,"s:156:2:156:54":26}}}
}
